#
# A fatal error has been detected by the Java Runtime Environment:
#
#  SIGSEGV (0xb) at pc=0x00007f61ce597a64, pid=239699, tid=239707
#
# JRE version: OpenJDK Runtime Environment (17.0.7+7) (build 17.0.7+7-Ubuntu-0ubuntu122.04.2)
# Java VM: OpenJDK 64-Bit Server VM (17.0.7+7-Ubuntu-0ubuntu122.04.2, mixed mode, sharing, tiered, compressed oops, compressed class ptrs, g1 gc, linux-amd64)
# Problematic frame:
# V  [libjvm.so+0x28da64]  AccessInternal::PostRuntimeDispatch<G1BarrierSet::AccessBarrier<548964ul, G1BarrierSet>, (AccessInternal::BarrierType)2, 548964ul>::oop_access_barrier(void*)+0x4
#
# Core dump will be written. Default location: Core dumps may be processed with "/usr/share/apport/apport -p%p -s%s -c%c -d%d -P%P -u%u -g%g -- %E" (or dumping to /home/mamad/Desktop/jserialcommAndJamod/core.239699)
#
# If you would like to submit a bug report, please visit:
#   Unknown
#

---------------  S U M M A R Y ------------

Command Line: -javaagent:/home/mamad/Desktop/idea-IU-231.8109.175/lib/idea_rt.jar=35797:/home/mamad/Desktop/idea-IU-231.8109.175/bin -Dfile.encoding=UTF-8 com.mpj.ModbusRTURegistersExample

Host: Intel(R) Core(TM) i5-1035G1 CPU @ 1.00GHz, 8 cores, 7G, Ubuntu 22.04.1 LTS
Time: Tue Aug  8 15:04:01 2023 +0330 elapsed time: 0.145999 seconds (0d 0h 0m 0s)

---------------  T H R E A D  ---------------

Current thread (0x00007f61c8015850):  JavaThread "main" [_thread_in_vm, id=239707, stack(0x00007f61cded7000,0x00007f61cdfd7000)]

Stack: [0x00007f61cded7000,0x00007f61cdfd7000],  sp=0x00007f61cdfd5708,  free space=1017k
Native frames: (J=compiled Java code, j=interpreted, Vv=VM code, C=native code)
V  [libjvm.so+0x28da64]  AccessInternal::PostRuntimeDispatch<G1BarrierSet::AccessBarrier<548964ul, G1BarrierSet>, (AccessInternal::BarrierType)2, 548964ul>::oop_access_barrier(void*)+0x4

Java frames: (J=compiled Java code, j=interpreted, Vv=VM code)
j  com.fazecast.jSerialComm.SerialPort.writeBytes(J[BIII)I+0
j  com.fazecast.jSerialComm.SerialPort.writeBytes([BI)I+58
j  com.mpj.ModbusRTURegistersExample.main([Ljava/lang/String;)V+140
v  ~StubRoutines::call_stub

siginfo: si_signo: 11 (SIGSEGV), si_code: 1 (SEGV_MAPERR), si_addr: 0x0000000000000000

Register to memory mapping:

RAX=0x0 is NULL
RBX=0x00007f61c8015af8 points into unknown readable memory: 0x00007f61cf61f4c0 | c0 f4 61 cf 61 7f 00 00
RCX=0x0 is NULL
RDX=0x00007f61c81f8640 points into unknown readable memory: 0x0000000000000000 | 00 00 00 00 00 00 00 00
RSP=0x00007f61cdfd5708 is pointing into the stack for thread: 0x00007f61c8015850
RBP=0x00007f61cdfd5730 is pointing into the stack for thread: 0x00007f61c8015850
RSI=0x0 is NULL
RDI=0x0 is NULL
R8 =0x0000000000000008 is an unknown value
R9 =0x0 is NULL
R10=0x00007f61b8b014eb is at code_begin+843 in an Interpreter codelet
method entry point (kind = native)  [0x00007f61b8b011a0, 0x00007f61b8b01a00]  2144 bytes
R11=0x0000000000000102 is an unknown value
R12=0x00007f61c8015850 is a thread
R13=0x0 is NULL
R14=0x0 is NULL
R15=0x00007f61c8015850 is a thread


Registers:
RAX=0x0000000000000000, RBX=0x00007f61c8015af8, RCX=0x0000000000000000, RDX=0x00007f61c81f8640
RSP=0x00007f61cdfd5708, RBP=0x00007f61cdfd5730, RSI=0x0000000000000000, RDI=0x0000000000000000
R8 =0x0000000000000008, R9 =0x0000000000000000, R10=0x00007f61b8b014eb, R11=0x0000000000000102
R12=0x00007f61c8015850, R13=0x0000000000000000, R14=0x0000000000000000, R15=0x00007f61c8015850
RIP=0x00007f61ce597a64, EFLAGS=0x0000000000010246, CSGSFS=0x002b000000000033, ERR=0x0000000000000004
  TRAPNO=0x000000000000000e

Top of Stack: (sp=0x00007f61cdfd5708)
0x00007f61cdfd5708:   00007f61cebc6f69 00007f61c8015850
0x00007f61cdfd5718:   00007f61c8015af8 0000000000000008
0x00007f61cdfd5728:   0000000000000000 00007f61c81f8640
0x00007f61cdfd5738:   00007f61ac0a3626 00007f619440a790 

Instructions: (pc=0x00007f61ce597a64)
0x00007f61ce597964:   e0 48 83 c4 18 5b 41 5c 41 5d 41 5e 41 5f 5d c3
0x00007f61ce597974:   0f 1f 40 00 49 8b 44 24 20 4c 89 e7 4c 89 45 c8
0x00007f61ce597984:   48 8d 58 10 e8 d3 38 44 00 4c 8b 45 c8 48 39 c3
0x00007f61ce597994:   75 93 48 8b 45 18 4d 63 ed 4c 89 e7 48 8b 00 4a
0x00007f61ce5979a4:   8d 34 e8 e8 c4 38 44 00 4c 8b 45 c8 e9 74 ff ff
0x00007f61ce5979b4:   ff 90 66 2e 0f 1f 84 00 00 00 00 00 f3 0f 1e fa
0x00007f61ce5979c4:   83 ef 04 83 ff 0a 77 14 48 8d 05 ad 6b d4 00 8b
0x00007f61ce5979d4:   04 b8 c3 66 0f 1f 84 00 00 00 00 00 48 8d 05 61
0x00007f61ce5979e4:   59 08 01 55 be 9c 00 00 00 48 8d 3d 3c 6b d4 00
0x00007f61ce5979f4:   48 8b 00 48 89 e5 c6 00 58 e8 de 24 38 00 e8 99
0x00007f61ce597a04:   c1 99 00 31 c0 5d c3 90 0f 1f 40 00 f3 0f 1e fa
0x00007f61ce597a14:   48 8b 47 08 0f b7 50 28 0f b7 40 2a 8d 44 02 19
0x00007f61ce597a24:   c3 66 2e 0f 1f 84 00 00 00 00 00 90 f3 0f 1e fa
0x00007f61ce597a34:   8b 47 08 c1 f8 03 c3 0f 1f 44 00 00 f3 0f 1e fa
0x00007f61ce597a44:   48 8b 07 c3 0f 1f 84 00 00 00 00 00 f3 0f 1e fa
0x00007f61ce597a54:   48 8b 07 c3 0f 1f 84 00 00 00 00 00 f3 0f 1e fa
0x00007f61ce597a64:   48 8b 07 c3 0f 1f 84 00 00 00 00 00 f3 0f 1e fa
0x00007f61ce597a74:   48 8b 07 c3 0f 1f 84 00 00 00 00 00 f3 0f 1e fa
0x00007f61ce597a84:   48 8b 07 c3 0f 1f 84 00 00 00 00 00 f3 0f 1e fa
0x00007f61ce597a94:   48 8b 07 c3 0f 1f 84 00 00 00 00 00 f3 0f 1e fa
0x00007f61ce597aa4:   55 48 89 e5 41 55 41 54 53 48 83 ec 08 48 8b 1f
0x00007f61ce597ab4:   4c 8d 2d c5 d9 10 01 48 89 da 49 23 55 00 48 89
0x00007f61ce597ac4:   d8 75 11 48 83 c4 08 5b 41 5c 41 5d 5d c3 66 0f
0x00007f61ce597ad4:   1f 44 00 00 49 89 fc 48 89 df e8 0d d9 cf 00 48
0x00007f61ce597ae4:   89 c2 48 85 c0 74 05 4d 85 e4 75 16 48 83 c4 08
0x00007f61ce597af4:   48 89 d0 5b 41 5c 41 5d 5d c3 66 90 49 23 45 00
0x00007f61ce597b04:   74 ea 48 89 d9 48 89 d8 f0 49 0f b1 14 24 48 89
0x00007f61ce597b14:   c3 48 39 c8 75 e6 eb d4 0f 1f 40 00 f3 0f 1e fa
0x00007f61ce597b24:   55 48 89 e5 41 54 49 89 fc 48 83 ec 08 48 8d 05
0x00007f61ce597b34:   58 a6 0b 01 48 8d 15 4f c6 0c 01 48 8b 00 80 3a
0x00007f61ce597b44:   00 8b 40 10 74 1e 83 f8 05 0f 87 d9 00 00 00 48
0x00007f61ce597b54:   8d 15 5a 69 d4 00 48 63 04 82 48 01 d0 3e ff e0 


Stack slot to memory mapping:
stack at sp + 0 slots: 0x00007f61cebc6f69: <offset 0x00000000008bcf69> in /usr/lib/jvm/java-17-openjdk-amd64/lib/server/libjvm.so at 0x00007f61ce30a000
stack at sp + 1 slots: 0x00007f61c8015850 is a thread
stack at sp + 2 slots: 0x00007f61c8015af8 points into unknown readable memory: 0x00007f61cf61f4c0 | c0 f4 61 cf 61 7f 00 00
stack at sp + 3 slots: 0x0000000000000008 is an unknown value
stack at sp + 4 slots: 0x0 is NULL
stack at sp + 5 slots: 0x00007f61c81f8640 points into unknown readable memory: 0x0000000000000000 | 00 00 00 00 00 00 00 00
stack at sp + 6 slots: 0x00007f61ac0a3626: Java_com_fazecast_jSerialComm_SerialPort_writeBytes+0x000000000000003c in /tmp/jSerialComm/2.10.3/libjSerialComm.so at 0x00007f61ac09d000
stack at sp + 7 slots: {method} {0x00007f619440a790} 'writeBytes' '(J[BIII)I' in 'com/fazecast/jSerialComm/SerialPort'


---------------  P R O C E S S  ---------------

Threads class SMR info:
_java_thread_list=0x00007f61c81d6b50, length=12, elements={
0x00007f61c8015850, 0x00007f61c811f760, 0x00007f61c8120b40, 0x00007f61c8127350,
0x00007f61c8128700, 0x00007f61c8129b10, 0x00007f61c812b4c0, 0x00007f61c812c9f0,
0x00007f61c8135e50, 0x00007f61c8141440, 0x00007f61c81d3da0, 0x00007f61c81d5840
}

Java Threads: ( => current thread )
=>0x00007f61c8015850 JavaThread "main" [_thread_in_vm, id=239707, stack(0x00007f61cded7000,0x00007f61cdfd7000)]
  0x00007f61c811f760 JavaThread "Reference Handler" daemon [_thread_blocked, id=239723, stack(0x00007f61ad367000,0x00007f61ad467000)]
  0x00007f61c8120b40 JavaThread "Finalizer" daemon [_thread_blocked, id=239724, stack(0x00007f61ad267000,0x00007f61ad367000)]
  0x00007f61c8127350 JavaThread "Signal Dispatcher" daemon [_thread_blocked, id=239725, stack(0x00007f61ac0af000,0x00007f61ac1af000)]
  0x00007f61c8128700 JavaThread "Service Thread" daemon [_thread_blocked, id=239726, stack(0x00007f619df00000,0x00007f619e000000)]
  0x00007f61c8129b10 JavaThread "Monitor Deflation Thread" daemon [_thread_blocked, id=239727, stack(0x00007f619de00000,0x00007f619df00000)]
  0x00007f61c812b4c0 JavaThread "C2 CompilerThread0" daemon [_thread_blocked, id=239728, stack(0x00007f619dd00000,0x00007f619de00000)]
  0x00007f61c812c9f0 JavaThread "C1 CompilerThread0" daemon [_thread_blocked, id=239729, stack(0x00007f619dc00000,0x00007f619dd00000)]
  0x00007f61c8135e50 JavaThread "Sweeper thread" daemon [_thread_blocked, id=239730, stack(0x00007f619db00000,0x00007f619dc00000)]
  0x00007f61c8141440 JavaThread "Common-Cleaner" daemon [_thread_blocked, id=239736, stack(0x00007f619da00000,0x00007f619db00000)]
  0x00007f61c81d3da0 JavaThread "Monitor Ctrl-Break" daemon [_thread_in_native, id=239737, stack(0x00007f619d900000,0x00007f619da00000)]
  0x00007f61c81d5840 JavaThread "Notification Thread" daemon [_thread_blocked, id=239738, stack(0x00007f619d800000,0x00007f619d900000)]

Other Threads:
  0x00007f61c811b6b0 VMThread "VM Thread" [stack: 0x00007f61ad469000,0x00007f61ad569000] [id=239716]
  0x00007f61c8018020 WatcherThread [stack: 0x00007f619d700000,0x00007f619d800000] [id=239739]
  0x00007f61c806cc30 GCTaskThread "GC Thread#0" [stack: 0x00007f61cc846000,0x00007f61cc946000] [id=239708]
  0x00007f61c807cbb0 ConcurrentGCThread "G1 Main Marker" [stack: 0x00007f61cc744000,0x00007f61cc844000] [id=239709]
  0x00007f61c807db10 ConcurrentGCThread "G1 Conc#0" [stack: 0x00007f61cc642000,0x00007f61cc742000] [id=239710]
  0x00007f61c80ef4e0 ConcurrentGCThread "G1 Refine#0" [stack: 0x00007f61ad85b000,0x00007f61ad95b000] [id=239712]
  0x00007f61c80f03d0 ConcurrentGCThread "G1 Service" [stack: 0x00007f61ad759000,0x00007f61ad859000] [id=239713]

Threads with active compile tasks:

VM state: not at safepoint (normal execution)

VM Mutex/Monitor currently owned by a thread: None

Heap address: 0x000000008b400000, size: 1868 MB, Compressed Oops mode: 32-bit

CDS archive(s) mapped at: [0x0000000800000000-0x0000000800be2000-0x0000000800be2000), size 12460032, SharedBaseAddress: 0x0000000800000000, ArchiveRelocationMode: 0.
Compressed class space mapped at: 0x0000000801000000-0x0000000841000000, reserved size: 1073741824
Narrow klass base: 0x0000000800000000, Narrow klass shift: 0, Narrow klass range: 0x100000000

GC Precious Log:
 CPUs: 8 total, 8 available
 Memory: 7468M
 Large Page Support: Disabled
 NUMA Support: Disabled
 Compressed Oops: Enabled (32-bit)
 Heap Region Size: 1M
 Heap Min Capacity: 8M
 Heap Initial Capacity: 118M
 Heap Max Capacity: 1868M
 Pre-touch: Disabled
 Parallel Workers: 8
 Concurrent Workers: 2
 Concurrent Refinement Workers: 8
 Periodic GC: Disabled

Heap:
 garbage-first heap   total 122880K, used 3040K [0x000000008b400000, 0x0000000100000000)
  region size 1024K, 3 young (3072K), 0 survivors (0K)
 Metaspace       used 1016K, committed 1216K, reserved 1114112K
  class space    used 78K, committed 192K, reserved 1048576K

Heap Regions: E=young(eden), S=young(survivor), O=old, HS=humongous(starts), HC=humongous(continues), CS=collection set, F=free, OA=open archive, CA=closed archive, TAMS=top-at-mark-start (previous, next)
|   0|0x000000008b400000, 0x000000008b400000, 0x000000008b500000|  0%| F|  |TAMS 0x000000008b400000, 0x000000008b400000| Untracked 
|   1|0x000000008b500000, 0x000000008b500000, 0x000000008b600000|  0%| F|  |TAMS 0x000000008b500000, 0x000000008b500000| Untracked 
|   2|0x000000008b600000, 0x000000008b600000, 0x000000008b700000|  0%| F|  |TAMS 0x000000008b600000, 0x000000008b600000| Untracked 
|   3|0x000000008b700000, 0x000000008b700000, 0x000000008b800000|  0%| F|  |TAMS 0x000000008b700000, 0x000000008b700000| Untracked 
|   4|0x000000008b800000, 0x000000008b800000, 0x000000008b900000|  0%| F|  |TAMS 0x000000008b800000, 0x000000008b800000| Untracked 
|   5|0x000000008b900000, 0x000000008b900000, 0x000000008ba00000|  0%| F|  |TAMS 0x000000008b900000, 0x000000008b900000| Untracked 
|   6|0x000000008ba00000, 0x000000008ba00000, 0x000000008bb00000|  0%| F|  |TAMS 0x000000008ba00000, 0x000000008ba00000| Untracked 
|   7|0x000000008bb00000, 0x000000008bb00000, 0x000000008bc00000|  0%| F|  |TAMS 0x000000008bb00000, 0x000000008bb00000| Untracked 
|   8|0x000000008bc00000, 0x000000008bc00000, 0x000000008bd00000|  0%| F|  |TAMS 0x000000008bc00000, 0x000000008bc00000| Untracked 
|   9|0x000000008bd00000, 0x000000008bd00000, 0x000000008be00000|  0%| F|  |TAMS 0x000000008bd00000, 0x000000008bd00000| Untracked 
|  10|0x000000008be00000, 0x000000008be00000, 0x000000008bf00000|  0%| F|  |TAMS 0x000000008be00000, 0x000000008be00000| Untracked 
|  11|0x000000008bf00000, 0x000000008bf00000, 0x000000008c000000|  0%| F|  |TAMS 0x000000008bf00000, 0x000000008bf00000| Untracked 
|  12|0x000000008c000000, 0x000000008c000000, 0x000000008c100000|  0%| F|  |TAMS 0x000000008c000000, 0x000000008c000000| Untracked 
|  13|0x000000008c100000, 0x000000008c100000, 0x000000008c200000|  0%| F|  |TAMS 0x000000008c100000, 0x000000008c100000| Untracked 
|  14|0x000000008c200000, 0x000000008c200000, 0x000000008c300000|  0%| F|  |TAMS 0x000000008c200000, 0x000000008c200000| Untracked 
|  15|0x000000008c300000, 0x000000008c300000, 0x000000008c400000|  0%| F|  |TAMS 0x000000008c300000, 0x000000008c300000| Untracked 
|  16|0x000000008c400000, 0x000000008c400000, 0x000000008c500000|  0%| F|  |TAMS 0x000000008c400000, 0x000000008c400000| Untracked 
|  17|0x000000008c500000, 0x000000008c500000, 0x000000008c600000|  0%| F|  |TAMS 0x000000008c500000, 0x000000008c500000| Untracked 
|  18|0x000000008c600000, 0x000000008c600000, 0x000000008c700000|  0%| F|  |TAMS 0x000000008c600000, 0x000000008c600000| Untracked 
|  19|0x000000008c700000, 0x000000008c700000, 0x000000008c800000|  0%| F|  |TAMS 0x000000008c700000, 0x000000008c700000| Untracked 
|  20|0x000000008c800000, 0x000000008c800000, 0x000000008c900000|  0%| F|  |TAMS 0x000000008c800000, 0x000000008c800000| Untracked 
|  21|0x000000008c900000, 0x000000008c900000, 0x000000008ca00000|  0%| F|  |TAMS 0x000000008c900000, 0x000000008c900000| Untracked 
|  22|0x000000008ca00000, 0x000000008ca00000, 0x000000008cb00000|  0%| F|  |TAMS 0x000000008ca00000, 0x000000008ca00000| Untracked 
|  23|0x000000008cb00000, 0x000000008cb00000, 0x000000008cc00000|  0%| F|  |TAMS 0x000000008cb00000, 0x000000008cb00000| Untracked 
|  24|0x000000008cc00000, 0x000000008cc00000, 0x000000008cd00000|  0%| F|  |TAMS 0x000000008cc00000, 0x000000008cc00000| Untracked 
|  25|0x000000008cd00000, 0x000000008cd00000, 0x000000008ce00000|  0%| F|  |TAMS 0x000000008cd00000, 0x000000008cd00000| Untracked 
|  26|0x000000008ce00000, 0x000000008ce00000, 0x000000008cf00000|  0%| F|  |TAMS 0x000000008ce00000, 0x000000008ce00000| Untracked 
|  27|0x000000008cf00000, 0x000000008cf00000, 0x000000008d000000|  0%| F|  |TAMS 0x000000008cf00000, 0x000000008cf00000| Untracked 
|  28|0x000000008d000000, 0x000000008d000000, 0x000000008d100000|  0%| F|  |TAMS 0x000000008d000000, 0x000000008d000000| Untracked 
|  29|0x000000008d100000, 0x000000008d100000, 0x000000008d200000|  0%| F|  |TAMS 0x000000008d100000, 0x000000008d100000| Untracked 
|  30|0x000000008d200000, 0x000000008d200000, 0x000000008d300000|  0%| F|  |TAMS 0x000000008d200000, 0x000000008d200000| Untracked 
|  31|0x000000008d300000, 0x000000008d300000, 0x000000008d400000|  0%| F|  |TAMS 0x000000008d300000, 0x000000008d300000| Untracked 
|  32|0x000000008d400000, 0x000000008d400000, 0x000000008d500000|  0%| F|  |TAMS 0x000000008d400000, 0x000000008d400000| Untracked 
|  33|0x000000008d500000, 0x000000008d500000, 0x000000008d600000|  0%| F|  |TAMS 0x000000008d500000, 0x000000008d500000| Untracked 
|  34|0x000000008d600000, 0x000000008d600000, 0x000000008d700000|  0%| F|  |TAMS 0x000000008d600000, 0x000000008d600000| Untracked 
|  35|0x000000008d700000, 0x000000008d700000, 0x000000008d800000|  0%| F|  |TAMS 0x000000008d700000, 0x000000008d700000| Untracked 
|  36|0x000000008d800000, 0x000000008d800000, 0x000000008d900000|  0%| F|  |TAMS 0x000000008d800000, 0x000000008d800000| Untracked 
|  37|0x000000008d900000, 0x000000008d900000, 0x000000008da00000|  0%| F|  |TAMS 0x000000008d900000, 0x000000008d900000| Untracked 
|  38|0x000000008da00000, 0x000000008da00000, 0x000000008db00000|  0%| F|  |TAMS 0x000000008da00000, 0x000000008da00000| Untracked 
|  39|0x000000008db00000, 0x000000008db00000, 0x000000008dc00000|  0%| F|  |TAMS 0x000000008db00000, 0x000000008db00000| Untracked 
|  40|0x000000008dc00000, 0x000000008dc00000, 0x000000008dd00000|  0%| F|  |TAMS 0x000000008dc00000, 0x000000008dc00000| Untracked 
|  41|0x000000008dd00000, 0x000000008dd00000, 0x000000008de00000|  0%| F|  |TAMS 0x000000008dd00000, 0x000000008dd00000| Untracked 
|  42|0x000000008de00000, 0x000000008de00000, 0x000000008df00000|  0%| F|  |TAMS 0x000000008de00000, 0x000000008de00000| Untracked 
|  43|0x000000008df00000, 0x000000008df00000, 0x000000008e000000|  0%| F|  |TAMS 0x000000008df00000, 0x000000008df00000| Untracked 
|  44|0x000000008e000000, 0x000000008e000000, 0x000000008e100000|  0%| F|  |TAMS 0x000000008e000000, 0x000000008e000000| Untracked 
|  45|0x000000008e100000, 0x000000008e100000, 0x000000008e200000|  0%| F|  |TAMS 0x000000008e100000, 0x000000008e100000| Untracked 
|  46|0x000000008e200000, 0x000000008e200000, 0x000000008e300000|  0%| F|  |TAMS 0x000000008e200000, 0x000000008e200000| Untracked 
|  47|0x000000008e300000, 0x000000008e300000, 0x000000008e400000|  0%| F|  |TAMS 0x000000008e300000, 0x000000008e300000| Untracked 
|  48|0x000000008e400000, 0x000000008e400000, 0x000000008e500000|  0%| F|  |TAMS 0x000000008e400000, 0x000000008e400000| Untracked 
|  49|0x000000008e500000, 0x000000008e500000, 0x000000008e600000|  0%| F|  |TAMS 0x000000008e500000, 0x000000008e500000| Untracked 
|  50|0x000000008e600000, 0x000000008e600000, 0x000000008e700000|  0%| F|  |TAMS 0x000000008e600000, 0x000000008e600000| Untracked 
|  51|0x000000008e700000, 0x000000008e700000, 0x000000008e800000|  0%| F|  |TAMS 0x000000008e700000, 0x000000008e700000| Untracked 
|  52|0x000000008e800000, 0x000000008e800000, 0x000000008e900000|  0%| F|  |TAMS 0x000000008e800000, 0x000000008e800000| Untracked 
|  53|0x000000008e900000, 0x000000008e900000, 0x000000008ea00000|  0%| F|  |TAMS 0x000000008e900000, 0x000000008e900000| Untracked 
|  54|0x000000008ea00000, 0x000000008ea00000, 0x000000008eb00000|  0%| F|  |TAMS 0x000000008ea00000, 0x000000008ea00000| Untracked 
|  55|0x000000008eb00000, 0x000000008eb00000, 0x000000008ec00000|  0%| F|  |TAMS 0x000000008eb00000, 0x000000008eb00000| Untracked 
|  56|0x000000008ec00000, 0x000000008ec00000, 0x000000008ed00000|  0%| F|  |TAMS 0x000000008ec00000, 0x000000008ec00000| Untracked 
|  57|0x000000008ed00000, 0x000000008ed00000, 0x000000008ee00000|  0%| F|  |TAMS 0x000000008ed00000, 0x000000008ed00000| Untracked 
|  58|0x000000008ee00000, 0x000000008ee00000, 0x000000008ef00000|  0%| F|  |TAMS 0x000000008ee00000, 0x000000008ee00000| Untracked 
|  59|0x000000008ef00000, 0x000000008ef00000, 0x000000008f000000|  0%| F|  |TAMS 0x000000008ef00000, 0x000000008ef00000| Untracked 
|  60|0x000000008f000000, 0x000000008f000000, 0x000000008f100000|  0%| F|  |TAMS 0x000000008f000000, 0x000000008f000000| Untracked 
|  61|0x000000008f100000, 0x000000008f100000, 0x000000008f200000|  0%| F|  |TAMS 0x000000008f100000, 0x000000008f100000| Untracked 
|  62|0x000000008f200000, 0x000000008f200000, 0x000000008f300000|  0%| F|  |TAMS 0x000000008f200000, 0x000000008f200000| Untracked 
|  63|0x000000008f300000, 0x000000008f300000, 0x000000008f400000|  0%| F|  |TAMS 0x000000008f300000, 0x000000008f300000| Untracked 
|  64|0x000000008f400000, 0x000000008f400000, 0x000000008f500000|  0%| F|  |TAMS 0x000000008f400000, 0x000000008f400000| Untracked 
|  65|0x000000008f500000, 0x000000008f500000, 0x000000008f600000|  0%| F|  |TAMS 0x000000008f500000, 0x000000008f500000| Untracked 
|  66|0x000000008f600000, 0x000000008f600000, 0x000000008f700000|  0%| F|  |TAMS 0x000000008f600000, 0x000000008f600000| Untracked 
|  67|0x000000008f700000, 0x000000008f700000, 0x000000008f800000|  0%| F|  |TAMS 0x000000008f700000, 0x000000008f700000| Untracked 
|  68|0x000000008f800000, 0x000000008f800000, 0x000000008f900000|  0%| F|  |TAMS 0x000000008f800000, 0x000000008f800000| Untracked 
|  69|0x000000008f900000, 0x000000008f900000, 0x000000008fa00000|  0%| F|  |TAMS 0x000000008f900000, 0x000000008f900000| Untracked 
|  70|0x000000008fa00000, 0x000000008fa00000, 0x000000008fb00000|  0%| F|  |TAMS 0x000000008fa00000, 0x000000008fa00000| Untracked 
|  71|0x000000008fb00000, 0x000000008fb00000, 0x000000008fc00000|  0%| F|  |TAMS 0x000000008fb00000, 0x000000008fb00000| Untracked 
|  72|0x000000008fc00000, 0x000000008fc00000, 0x000000008fd00000|  0%| F|  |TAMS 0x000000008fc00000, 0x000000008fc00000| Untracked 
|  73|0x000000008fd00000, 0x000000008fd00000, 0x000000008fe00000|  0%| F|  |TAMS 0x000000008fd00000, 0x000000008fd00000| Untracked 
|  74|0x000000008fe00000, 0x000000008fe00000, 0x000000008ff00000|  0%| F|  |TAMS 0x000000008fe00000, 0x000000008fe00000| Untracked 
|  75|0x000000008ff00000, 0x000000008ff00000, 0x0000000090000000|  0%| F|  |TAMS 0x000000008ff00000, 0x000000008ff00000| Untracked 
|  76|0x0000000090000000, 0x0000000090000000, 0x0000000090100000|  0%| F|  |TAMS 0x0000000090000000, 0x0000000090000000| Untracked 
|  77|0x0000000090100000, 0x0000000090100000, 0x0000000090200000|  0%| F|  |TAMS 0x0000000090100000, 0x0000000090100000| Untracked 
|  78|0x0000000090200000, 0x0000000090200000, 0x0000000090300000|  0%| F|  |TAMS 0x0000000090200000, 0x0000000090200000| Untracked 
|  79|0x0000000090300000, 0x0000000090300000, 0x0000000090400000|  0%| F|  |TAMS 0x0000000090300000, 0x0000000090300000| Untracked 
|  80|0x0000000090400000, 0x0000000090400000, 0x0000000090500000|  0%| F|  |TAMS 0x0000000090400000, 0x0000000090400000| Untracked 
|  81|0x0000000090500000, 0x0000000090500000, 0x0000000090600000|  0%| F|  |TAMS 0x0000000090500000, 0x0000000090500000| Untracked 
|  82|0x0000000090600000, 0x0000000090600000, 0x0000000090700000|  0%| F|  |TAMS 0x0000000090600000, 0x0000000090600000| Untracked 
|  83|0x0000000090700000, 0x0000000090700000, 0x0000000090800000|  0%| F|  |TAMS 0x0000000090700000, 0x0000000090700000| Untracked 
|  84|0x0000000090800000, 0x0000000090800000, 0x0000000090900000|  0%| F|  |TAMS 0x0000000090800000, 0x0000000090800000| Untracked 
|  85|0x0000000090900000, 0x0000000090900000, 0x0000000090a00000|  0%| F|  |TAMS 0x0000000090900000, 0x0000000090900000| Untracked 
|  86|0x0000000090a00000, 0x0000000090a00000, 0x0000000090b00000|  0%| F|  |TAMS 0x0000000090a00000, 0x0000000090a00000| Untracked 
|  87|0x0000000090b00000, 0x0000000090b00000, 0x0000000090c00000|  0%| F|  |TAMS 0x0000000090b00000, 0x0000000090b00000| Untracked 
|  88|0x0000000090c00000, 0x0000000090c00000, 0x0000000090d00000|  0%| F|  |TAMS 0x0000000090c00000, 0x0000000090c00000| Untracked 
|  89|0x0000000090d00000, 0x0000000090d00000, 0x0000000090e00000|  0%| F|  |TAMS 0x0000000090d00000, 0x0000000090d00000| Untracked 
|  90|0x0000000090e00000, 0x0000000090e00000, 0x0000000090f00000|  0%| F|  |TAMS 0x0000000090e00000, 0x0000000090e00000| Untracked 
|  91|0x0000000090f00000, 0x0000000090f00000, 0x0000000091000000|  0%| F|  |TAMS 0x0000000090f00000, 0x0000000090f00000| Untracked 
|  92|0x0000000091000000, 0x0000000091000000, 0x0000000091100000|  0%| F|  |TAMS 0x0000000091000000, 0x0000000091000000| Untracked 
|  93|0x0000000091100000, 0x0000000091100000, 0x0000000091200000|  0%| F|  |TAMS 0x0000000091100000, 0x0000000091100000| Untracked 
|  94|0x0000000091200000, 0x0000000091200000, 0x0000000091300000|  0%| F|  |TAMS 0x0000000091200000, 0x0000000091200000| Untracked 
|  95|0x0000000091300000, 0x0000000091300000, 0x0000000091400000|  0%| F|  |TAMS 0x0000000091300000, 0x0000000091300000| Untracked 
|  96|0x0000000091400000, 0x0000000091400000, 0x0000000091500000|  0%| F|  |TAMS 0x0000000091400000, 0x0000000091400000| Untracked 
|  97|0x0000000091500000, 0x0000000091500000, 0x0000000091600000|  0%| F|  |TAMS 0x0000000091500000, 0x0000000091500000| Untracked 
|  98|0x0000000091600000, 0x0000000091600000, 0x0000000091700000|  0%| F|  |TAMS 0x0000000091600000, 0x0000000091600000| Untracked 
|  99|0x0000000091700000, 0x0000000091700000, 0x0000000091800000|  0%| F|  |TAMS 0x0000000091700000, 0x0000000091700000| Untracked 
| 100|0x0000000091800000, 0x0000000091800000, 0x0000000091900000|  0%| F|  |TAMS 0x0000000091800000, 0x0000000091800000| Untracked 
| 101|0x0000000091900000, 0x0000000091900000, 0x0000000091a00000|  0%| F|  |TAMS 0x0000000091900000, 0x0000000091900000| Untracked 
| 102|0x0000000091a00000, 0x0000000091a00000, 0x0000000091b00000|  0%| F|  |TAMS 0x0000000091a00000, 0x0000000091a00000| Untracked 
| 103|0x0000000091b00000, 0x0000000091b00000, 0x0000000091c00000|  0%| F|  |TAMS 0x0000000091b00000, 0x0000000091b00000| Untracked 
| 104|0x0000000091c00000, 0x0000000091c00000, 0x0000000091d00000|  0%| F|  |TAMS 0x0000000091c00000, 0x0000000091c00000| Untracked 
| 105|0x0000000091d00000, 0x0000000091d00000, 0x0000000091e00000|  0%| F|  |TAMS 0x0000000091d00000, 0x0000000091d00000| Untracked 
| 106|0x0000000091e00000, 0x0000000091e00000, 0x0000000091f00000|  0%| F|  |TAMS 0x0000000091e00000, 0x0000000091e00000| Untracked 
| 107|0x0000000091f00000, 0x0000000091f00000, 0x0000000092000000|  0%| F|  |TAMS 0x0000000091f00000, 0x0000000091f00000| Untracked 
| 108|0x0000000092000000, 0x0000000092000000, 0x0000000092100000|  0%| F|  |TAMS 0x0000000092000000, 0x0000000092000000| Untracked 
| 109|0x0000000092100000, 0x0000000092100000, 0x0000000092200000|  0%| F|  |TAMS 0x0000000092100000, 0x0000000092100000| Untracked 
| 110|0x0000000092200000, 0x0000000092200000, 0x0000000092300000|  0%| F|  |TAMS 0x0000000092200000, 0x0000000092200000| Untracked 
| 111|0x0000000092300000, 0x0000000092300000, 0x0000000092400000|  0%| F|  |TAMS 0x0000000092300000, 0x0000000092300000| Untracked 
| 112|0x0000000092400000, 0x0000000092400000, 0x0000000092500000|  0%| F|  |TAMS 0x0000000092400000, 0x0000000092400000| Untracked 
| 113|0x0000000092500000, 0x0000000092500000, 0x0000000092600000|  0%| F|  |TAMS 0x0000000092500000, 0x0000000092500000| Untracked 
| 114|0x0000000092600000, 0x0000000092600000, 0x0000000092700000|  0%| F|  |TAMS 0x0000000092600000, 0x0000000092600000| Untracked 
| 115|0x0000000092700000, 0x00000000927ec0a8, 0x0000000092800000| 92%| E|  |TAMS 0x0000000092700000, 0x0000000092700000| Complete 
| 116|0x0000000092800000, 0x0000000092900000, 0x0000000092900000|100%| E|CS|TAMS 0x0000000092800000, 0x0000000092800000| Complete 
| 117|0x0000000092900000, 0x0000000092a00000, 0x0000000092a00000|100%| E|CS|TAMS 0x0000000092900000, 0x0000000092900000| Complete 
|1866|0x00000000ffe00000, 0x00000000ffe76000, 0x00000000fff00000| 46%|OA|  |TAMS 0x00000000ffe00000, 0x00000000ffe00000| Untracked 
|1867|0x00000000fff00000, 0x00000000fff82000, 0x0000000100000000| 50%|CA|  |TAMS 0x00000000fff00000, 0x00000000fff00000| Untracked 

Card table byte_map: [0x00007f61ccd65000,0x00007f61cd10b000] _byte_map_base: 0x00007f61cc90b000

Marking Bits (Prev, Next): (CMBitMap*) 0x00007f61c806d6b0, (CMBitMap*) 0x00007f61c806d6f0
 Prev Bits: [0x00007f61af88d000, 0x00007f61b15bd000)
 Next Bits: [0x00007f61adb5d000, 0x00007f61af88d000)

Polling page: 0x00007f61cf8f2000

Metaspace:

Usage:
  Non-class:    937.55 KB used.
      Class:     78.65 KB used.
       Both:   1016.20 KB used.

Virtual space:
  Non-class space:       64.00 MB reserved,       1.00 MB (  2%) committed,  1 nodes.
      Class space:        1.00 GB reserved,     192.00 KB ( <1%) committed,  1 nodes.
             Both:        1.06 GB reserved,       1.19 MB ( <1%) committed. 

Chunk freelists:
   Non-Class:  11.88 MB
       Class:  15.72 MB
        Both:  27.61 MB

MaxMetaspaceSize: unlimited
CompressedClassSpaceSize: 1.00 GB
Initial GC threshold: 21.00 MB
Current GC threshold: 21.00 MB
CDS: on
MetaspaceReclaimPolicy: balanced
 - commit_granule_bytes: 65536.
 - commit_granule_words: 8192.
 - virtual_space_node_default_size: 8388608.
 - enlarge_chunks_in_place: 1.
 - new_chunks_are_fully_committed: 0.
 - uncommit_free_chunks: 1.
 - use_allocation_guard: 0.
 - handle_deallocations: 1.


Internal statistics:

num_allocs_failed_limit: 0.
num_arena_births: 30.
num_arena_deaths: 0.
num_vsnodes_births: 2.
num_vsnodes_deaths: 0.
num_space_committed: 19.
num_space_uncommitted: 0.
num_chunks_returned_to_freelist: 0.
num_chunks_taken_from_freelist: 41.
num_chunk_merges: 0.
num_chunk_splits: 27.
num_chunks_enlarged: 16.
num_inconsistent_stats: 0.

CodeHeap 'non-profiled nmethods': size=120028Kb used=100Kb max_used=100Kb free=119927Kb
 bounds [0x00007f61b9086000, 0x00007f61b92f6000, 0x00007f61c05bd000]
CodeHeap 'profiled nmethods': size=120028Kb used=335Kb max_used=335Kb free=119692Kb
 bounds [0x00007f61b15bd000, 0x00007f61b182d000, 0x00007f61b8af4000]
CodeHeap 'non-nmethods': size=5704Kb used=1127Kb max_used=1141Kb free=4576Kb
 bounds [0x00007f61b8af4000, 0x00007f61b8d64000, 0x00007f61b9086000]
 total_blobs=695 nmethods=291 adapters=318
 compilation: enabled
              stopped_count=0, restarted_count=0
 full_count=0

Compilation events (20 events):
Event: 0.119 Thread 0x00007f61c812c9f0  269       3       jdk.internal.org.objectweb.asm.SymbolTable::addConstantUtf8 (98 bytes)
Event: 0.120 Thread 0x00007f61c812c9f0 nmethod 269 0x00007f61b1602690 code [0x00007f61b16028c0, 0x00007f61b1602eb0]
Event: 0.120 Thread 0x00007f61c812c9f0  271       3       jdk.internal.org.objectweb.asm.Frame::execute (2305 bytes)
Event: 0.123 Thread 0x00007f61c812b4c0  286       4       java.lang.String::length (11 bytes)
Event: 0.123 Thread 0x00007f61c812b4c0 nmethod 286 0x00007f61b909de90 code [0x00007f61b909e020, 0x00007f61b909e0b8]
Event: 0.124 Thread 0x00007f61c812c9f0 nmethod 271 0x00007f61b1603210 code [0x00007f61b1604140, 0x00007f61b160a8f0]
Event: 0.124 Thread 0x00007f61c812c9f0  280       3       sun.invoke.util.VerifyAccess::isTypeVisible (118 bytes)
Event: 0.125 Thread 0x00007f61c812c9f0 nmethod 280 0x00007f61b160c490 code [0x00007f61b160c8c0, 0x00007f61b160e890]
Event: 0.125 Thread 0x00007f61c812c9f0  272       1       java.lang.invoke.LambdaForm$Name::index (5 bytes)
Event: 0.125 Thread 0x00007f61c812c9f0 nmethod 272 0x00007f61b909e790 code [0x00007f61b909e920, 0x00007f61b909e9f0]
Event: 0.125 Thread 0x00007f61c812c9f0  281       3       java.lang.invoke.MethodType::equals (56 bytes)
Event: 0.125 Thread 0x00007f61c812c9f0 nmethod 281 0x00007f61b160f210 code [0x00007f61b160f440, 0x00007f61b160ffb0]
Event: 0.125 Thread 0x00007f61c812c9f0  270       3       java.lang.invoke.MemberName::isConstructor (8 bytes)
Event: 0.125 Thread 0x00007f61c812c9f0 nmethod 270 0x00007f61b1610190 code [0x00007f61b1610340, 0x00007f61b1610570]
Event: 0.125 Thread 0x00007f61c812c9f0  277       3       java.lang.invoke.LambdaForm$Name::initIndex (26 bytes)
Event: 0.125 Thread 0x00007f61c812c9f0 nmethod 277 0x00007f61b1610690 code [0x00007f61b1610840, 0x00007f61b16109f0]
Event: 0.125 Thread 0x00007f61c812c9f0  285       1       java.lang.invoke.LambdaForm$BasicType::basicTypeClass (5 bytes)
Event: 0.125 Thread 0x00007f61c812c9f0 nmethod 285 0x00007f61b909f090 code [0x00007f61b909f220, 0x00007f61b909f2f0]
Event: 0.125 Thread 0x00007f61c812c9f0  290       3       java.lang.invoke.MemberName::isStatic (8 bytes)
Event: 0.125 Thread 0x00007f61c812c9f0 nmethod 290 0x00007f61b1610a90 code [0x00007f61b1610c40, 0x00007f61b1610e10]

GC Heap History (0 events):
No events

Dll operation events (10 events):
Event: 0.002 Loaded shared library /usr/lib/jvm/java-17-openjdk-amd64/lib/libjava.so
Event: 0.009 Loaded shared library /usr/lib/jvm/java-17-openjdk-amd64/lib/libjsvml.so
Event: 0.061 Loaded shared library /usr/lib/jvm/java-17-openjdk-amd64/lib/libzip.so
Event: 0.062 Loaded shared library /usr/lib/jvm/java-17-openjdk-amd64/lib/libinstrument.so
Event: 0.064 Loaded shared library /usr/lib/jvm/java-17-openjdk-amd64/lib/libnio.so
Event: 0.067 Loaded shared library /usr/lib/jvm/java-17-openjdk-amd64/lib/libzip.so
Event: 0.073 Loaded shared library /usr/lib/jvm/java-17-openjdk-amd64/lib/libnet.so
Event: 0.080 Loaded shared library /usr/lib/jvm/java-17-openjdk-amd64/lib/libjimage.so
Event: 0.081 Loaded shared library /usr/lib/jvm/java-17-openjdk-amd64/lib/libextnet.so
Event: 0.085 Loaded shared library /tmp/jSerialComm/2.10.3/libjSerialComm.so

Deoptimization events (0 events):
No events

Classes unloaded (0 events):
No events

Classes redefined (0 events):
No events

Internal exceptions (2 events):
Event: 0.075 Thread 0x00007f61c81d3da0 Exception <a 'java/lang/NoSuchMethodError'{0x00000000928f0390}: 'java.lang.Object java.lang.invoke.DirectMethodHandle$Holder.invokeStaticInit(java.lang.Object)'> (0x00000000928f0390) 
thrown [./src/hotspot/share/interpreter/linkResolver.cpp, line 758]
Event: 0.082 Thread 0x00007f61c81d3da0 Exception <a 'java/lang/NoSuchMethodError'{0x00000000928fea28}: 'void java.lang.invoke.DirectMethodHandle$Holder.invokeStatic(java.lang.Object, java.lang.Object)'> (0x00000000928fea28) 
thrown [./src/hotspot/share/interpreter/linkResolver.cpp, line 758]

VM Operations (4 events):
Event: 0.043 Executing VM operation: HandshakeAllThreads
Event: 0.043 Executing VM operation: HandshakeAllThreads done
Event: 0.073 Executing VM operation: HandshakeAllThreads
Event: 0.073 Executing VM operation: HandshakeAllThreads done

Events (20 events):
Event: 0.084 loading class java/net/Socket$SocketInputStream
Event: 0.084 loading class java/net/Socket$SocketInputStream done
Event: 0.084 loading class sun/nio/ch/NioSocketImpl$1
Event: 0.084 loading class sun/nio/ch/NioSocketImpl$1 done
Event: 0.084 loading class java/io/FileOutputStream$1
Event: 0.084 loading class java/io/FileOutputStream$1 done
Event: 0.084 loading class sun/nio/cs/StreamDecoder
Event: 0.085 loading class sun/nio/cs/StreamDecoder done
Event: 0.085 loading class sun/nio/cs/US_ASCII$Decoder
Event: 0.085 loading class java/nio/charset/CharsetDecoder
Event: 0.085 loading class java/nio/charset/CharsetDecoder done
Event: 0.085 loading class sun/nio/cs/US_ASCII$Decoder done
Event: 0.085 loading class sun/nio/ch/Util
Event: 0.085 loading class sun/nio/ch/Util done
Event: 0.085 loading class sun/nio/ch/Util$1
Event: 0.085 loading class sun/nio/ch/Util$1 done
Event: 0.085 loading class sun/nio/ch/Util$BufferCache
Event: 0.085 loading class sun/nio/ch/Util$BufferCache done
Event: 0.085 loading class java/nio/DirectByteBuffer$Deallocator
Event: 0.085 loading class java/nio/DirectByteBuffer$Deallocator done


Dynamic libraries:
8b400000-92a00000 rw-p 00000000 00:00 0 
92a00000-ffe00000 ---p 00000000 00:00 0 
ffe00000-ffe76000 rw-p 00c9d000 08:06 1576316                            /usr/lib/jvm/java-17-openjdk-amd64/lib/server/classes.jsa
ffe76000-fff00000 rw-p 00000000 00:00 0 
fff00000-fff82000 rw-p 00c1b000 08:06 1576316                            /usr/lib/jvm/java-17-openjdk-amd64/lib/server/classes.jsa
fff82000-100000000 rw-p 00000000 00:00 0 
800000000-800458000 rw-p 00001000 08:06 1576316                          /usr/lib/jvm/java-17-openjdk-amd64/lib/server/classes.jsa
800458000-800be2000 r--p 00459000 08:06 1576316                          /usr/lib/jvm/java-17-openjdk-amd64/lib/server/classes.jsa
800be2000-801000000 ---p 00000000 00:00 0 
801000000-801010000 rw-p 00000000 00:00 0 
801010000-801040000 ---p 00000000 00:00 0 
801040000-801060000 rw-p 00000000 00:00 0 
801060000-841000000 ---p 00000000 00:00 0 
55d6d7236000-55d6d7237000 r--p 00000000 08:06 1443713                    /usr/lib/jvm/java-17-openjdk-amd64/bin/java
55d6d7237000-55d6d7238000 r-xp 00001000 08:06 1443713                    /usr/lib/jvm/java-17-openjdk-amd64/bin/java
55d6d7238000-55d6d7239000 r--p 00002000 08:06 1443713                    /usr/lib/jvm/java-17-openjdk-amd64/bin/java
55d6d7239000-55d6d723a000 r--p 00002000 08:06 1443713                    /usr/lib/jvm/java-17-openjdk-amd64/bin/java
55d6d723a000-55d6d723b000 rw-p 00003000 08:06 1443713                    /usr/lib/jvm/java-17-openjdk-amd64/bin/java
55d6d7c17000-55d6d7c5e000 rw-p 00000000 00:00 0                          [heap]
7f615c000000-7f615c021000 rw-p 00000000 00:00 0 
7f615c021000-7f6160000000 ---p 00000000 00:00 0 
7f6160000000-7f6160021000 rw-p 00000000 00:00 0 
7f6160021000-7f6164000000 ---p 00000000 00:00 0 
7f6164000000-7f6164021000 rw-p 00000000 00:00 0 
7f6164021000-7f6168000000 ---p 00000000 00:00 0 
7f6168000000-7f6168021000 rw-p 00000000 00:00 0 
7f6168021000-7f616c000000 ---p 00000000 00:00 0 
7f616c000000-7f616c17d000 rw-p 00000000 00:00 0 
7f616c17d000-7f6170000000 ---p 00000000 00:00 0 
7f6170000000-7f6170021000 rw-p 00000000 00:00 0 
7f6170021000-7f6174000000 ---p 00000000 00:00 0 
7f6174000000-7f6174021000 rw-p 00000000 00:00 0 
7f6174021000-7f6178000000 ---p 00000000 00:00 0 
7f6178000000-7f61780ed000 rw-p 00000000 00:00 0 
7f61780ed000-7f617c000000 ---p 00000000 00:00 0 
7f617c000000-7f617c021000 rw-p 00000000 00:00 0 
7f617c021000-7f6180000000 ---p 00000000 00:00 0 
7f6180000000-7f6180021000 rw-p 00000000 00:00 0 
7f6180021000-7f6184000000 ---p 00000000 00:00 0 
7f6184000000-7f6184021000 rw-p 00000000 00:00 0 
7f6184021000-7f6188000000 ---p 00000000 00:00 0 
7f6188000000-7f6188021000 rw-p 00000000 00:00 0 
7f6188021000-7f618c000000 ---p 00000000 00:00 0 
7f618c000000-7f618c021000 rw-p 00000000 00:00 0 
7f618c021000-7f6190000000 ---p 00000000 00:00 0 
7f6190000000-7f6190021000 rw-p 00000000 00:00 0 
7f6190021000-7f6194000000 ---p 00000000 00:00 0 
7f6194000000-7f61940e0000 rw-p 00000000 00:00 0 
7f61940e0000-7f6194400000 ---p 00000000 00:00 0 
7f6194400000-7f6194420000 rw-p 00000000 00:00 0 
7f6194420000-7f6198000000 ---p 00000000 00:00 0 
7f6198000000-7f6198021000 rw-p 00000000 00:00 0 
7f6198021000-7f619c000000 ---p 00000000 00:00 0 
7f619d317000-7f619d6fe000 rw-p 00000000 00:00 0 
7f619d6fe000-7f619d6ff000 ---p 00000000 00:00 0 
7f619d6ff000-7f619d800000 rw-p 00000000 00:00 0 
7f619d800000-7f619d804000 ---p 00000000 00:00 0 
7f619d804000-7f619d900000 rw-p 00000000 00:00 0 
7f619d900000-7f619d904000 ---p 00000000 00:00 0 
7f619d904000-7f619da00000 rw-p 00000000 00:00 0 
7f619da00000-7f619da04000 ---p 00000000 00:00 0 
7f619da04000-7f619db00000 rw-p 00000000 00:00 0 
7f619db00000-7f619db04000 ---p 00000000 00:00 0 
7f619db04000-7f619dc00000 rw-p 00000000 00:00 0 
7f619dc00000-7f619dc04000 ---p 00000000 00:00 0 
7f619dc04000-7f619dd00000 rw-p 00000000 00:00 0 
7f619dd00000-7f619dd04000 ---p 00000000 00:00 0 
7f619dd04000-7f619de00000 rw-p 00000000 00:00 0 
7f619de00000-7f619de04000 ---p 00000000 00:00 0 
7f619de04000-7f619df00000 rw-p 00000000 00:00 0 
7f619df00000-7f619df04000 ---p 00000000 00:00 0 
7f619df04000-7f61a0000000 rw-p 00000000 00:00 0 
7f61a0000000-7f61a0021000 rw-p 00000000 00:00 0 
7f61a0021000-7f61a4000000 ---p 00000000 00:00 0 
7f61a4000000-7f61a4021000 rw-p 00000000 00:00 0 
7f61a4021000-7f61a8000000 ---p 00000000 00:00 0 
7f61a8000000-7f61a8021000 rw-p 00000000 00:00 0 
7f61a8021000-7f61ac000000 ---p 00000000 00:00 0 
7f61ac096000-7f61ac09d000 r--s 00000000 08:06 1967158                    /usr/lib/x86_64-linux-gnu/gconv/gconv-modules.cache
7f61ac09d000-7f61ac0a1000 r--p 00000000 08:06 2234680                    /tmp/jSerialComm/2.10.3/libjSerialComm.so
7f61ac0a1000-7f61ac0a6000 r-xp 00004000 08:06 2234680                    /tmp/jSerialComm/2.10.3/libjSerialComm.so
7f61ac0a6000-7f61ac0a7000 r--p 00009000 08:06 2234680                    /tmp/jSerialComm/2.10.3/libjSerialComm.so
7f61ac0a7000-7f61ac0a8000 ---p 0000a000 08:06 2234680                    /tmp/jSerialComm/2.10.3/libjSerialComm.so
7f61ac0a8000-7f61ac0a9000 r--p 0000a000 08:06 2234680                    /tmp/jSerialComm/2.10.3/libjSerialComm.so
7f61ac0a9000-7f61ac0aa000 rw-p 0000b000 08:06 2234680                    /tmp/jSerialComm/2.10.3/libjSerialComm.so
7f61ac0aa000-7f61ac0ab000 r--p 00000000 08:06 1446421                    /usr/lib/jvm/java-17-openjdk-amd64/lib/libextnet.so
7f61ac0ab000-7f61ac0ac000 r-xp 00001000 08:06 1446421                    /usr/lib/jvm/java-17-openjdk-amd64/lib/libextnet.so
7f61ac0ac000-7f61ac0ad000 r--p 00002000 08:06 1446421                    /usr/lib/jvm/java-17-openjdk-amd64/lib/libextnet.so
7f61ac0ad000-7f61ac0ae000 r--p 00002000 08:06 1446421                    /usr/lib/jvm/java-17-openjdk-amd64/lib/libextnet.so
7f61ac0ae000-7f61ac0af000 rw-p 00003000 08:06 1446421                    /usr/lib/jvm/java-17-openjdk-amd64/lib/libextnet.so
7f61ac0af000-7f61ac0b3000 ---p 00000000 00:00 0 
7f61ac0b3000-7f61ac1af000 rw-p 00000000 00:00 0 
7f61ac1af000-7f61ad267000 r--p 00000000 08:06 1316276                    /usr/lib/locale/locale-archive
7f61ad267000-7f61ad26b000 ---p 00000000 00:00 0 
7f61ad26b000-7f61ad367000 rw-p 00000000 00:00 0 
7f61ad367000-7f61ad36b000 ---p 00000000 00:00 0 
7f61ad36b000-7f61ad467000 rw-p 00000000 00:00 0 
7f61ad467000-7f61ad468000 ---p 00000000 00:00 0 
7f61ad468000-7f61ad569000 rw-p 00000000 00:00 0 
7f61ad569000-7f61ad56e000 r--p 00000000 08:06 1446437                    /usr/lib/jvm/java-17-openjdk-amd64/lib/libjsvml.so
7f61ad56e000-7f61ad5af000 r-xp 00005000 08:06 1446437                    /usr/lib/jvm/java-17-openjdk-amd64/lib/libjsvml.so
7f61ad5af000-7f61ad638000 r--p 00046000 08:06 1446437                    /usr/lib/jvm/java-17-openjdk-amd64/lib/libjsvml.so
7f61ad638000-7f61ad639000 r--p 000ce000 08:06 1446437                    /usr/lib/jvm/java-17-openjdk-amd64/lib/libjsvml.so
7f61ad639000-7f61ad63a000 rw-p 000cf000 08:06 1446437                    /usr/lib/jvm/java-17-openjdk-amd64/lib/libjsvml.so
7f61ad63a000-7f61ad757000 rw-p 00000000 00:00 0 
7f61ad757000-7f61ad758000 ---p 00000000 00:00 0 
7f61ad758000-7f61ad859000 rw-p 00000000 00:00 0 
7f61ad859000-7f61ad85a000 ---p 00000000 00:00 0 
7f61ad85a000-7f61add35000 rw-p 00000000 00:00 0 
7f61add35000-7f61af885000 ---p 00000000 00:00 0 
7f61af885000-7f61afa65000 rw-p 00000000 00:00 0 
7f61afa65000-7f61b15b5000 ---p 00000000 00:00 0 
7f61b15b5000-7f61b15bd000 rw-p 00000000 00:00 0 
7f61b15bd000-7f61b182d000 rwxp 00000000 00:00 0 
7f61b182d000-7f61b8af4000 ---p 00000000 00:00 0 
7f61b8af4000-7f61b8d64000 rwxp 00000000 00:00 0 
7f61b8d64000-7f61b9086000 ---p 00000000 00:00 0 
7f61b9086000-7f61b92f6000 rwxp 00000000 00:00 0 
7f61b92f6000-7f61c05bd000 ---p 00000000 00:00 0 
7f61c05bd000-7f61c8000000 r--s 00000000 08:06 1449209                    /usr/lib/jvm/java-17-openjdk-amd64/lib/modules
7f61c8000000-7f61c8206000 rw-p 00000000 00:00 0 
7f61c8206000-7f61cc000000 ---p 00000000 00:00 0 
7f61cc001000-7f61cc005000 r--p 00000000 08:06 1449200                    /usr/lib/jvm/java-17-openjdk-amd64/lib/libnet.so
7f61cc005000-7f61cc013000 r-xp 00004000 08:06 1449200                    /usr/lib/jvm/java-17-openjdk-amd64/lib/libnet.so
7f61cc013000-7f61cc017000 r--p 00012000 08:06 1449200                    /usr/lib/jvm/java-17-openjdk-amd64/lib/libnet.so
7f61cc017000-7f61cc018000 r--p 00015000 08:06 1449200                    /usr/lib/jvm/java-17-openjdk-amd64/lib/libnet.so
7f61cc018000-7f61cc019000 rw-p 00016000 08:06 1449200                    /usr/lib/jvm/java-17-openjdk-amd64/lib/libnet.so
7f61cc019000-7f61cc01f000 r--p 00000000 08:06 1449201                    /usr/lib/jvm/java-17-openjdk-amd64/lib/libnio.so
7f61cc01f000-7f61cc028000 r-xp 00006000 08:06 1449201                    /usr/lib/jvm/java-17-openjdk-amd64/lib/libnio.so
7f61cc028000-7f61cc02c000 r--p 0000f000 08:06 1449201                    /usr/lib/jvm/java-17-openjdk-amd64/lib/libnio.so
7f61cc02c000-7f61cc02d000 ---p 00013000 08:06 1449201                    /usr/lib/jvm/java-17-openjdk-amd64/lib/libnio.so
7f61cc02d000-7f61cc02e000 r--p 00013000 08:06 1449201                    /usr/lib/jvm/java-17-openjdk-amd64/lib/libnio.so
7f61cc02e000-7f61cc02f000 rw-p 00014000 08:06 1449201                    /usr/lib/jvm/java-17-openjdk-amd64/lib/libnio.so
7f61cc02f000-7f61cc031000 r--p 00000000 08:06 1449208                    /usr/lib/jvm/java-17-openjdk-amd64/lib/libzip.so
7f61cc031000-7f61cc036000 r-xp 00002000 08:06 1449208                    /usr/lib/jvm/java-17-openjdk-amd64/lib/libzip.so
7f61cc036000-7f61cc038000 r--p 00007000 08:06 1449208                    /usr/lib/jvm/java-17-openjdk-amd64/lib/libzip.so
7f61cc038000-7f61cc039000 r--p 00008000 08:06 1449208                    /usr/lib/jvm/java-17-openjdk-amd64/lib/libzip.so
7f61cc039000-7f61cc03a000 rw-p 00009000 08:06 1449208                    /usr/lib/jvm/java-17-openjdk-amd64/lib/libzip.so
7f61cc03a000-7f61cc640000 rw-p 00000000 00:00 0 
7f61cc640000-7f61cc641000 ---p 00000000 00:00 0 
7f61cc641000-7f61cc742000 rw-p 00000000 00:00 0 
7f61cc742000-7f61cc743000 ---p 00000000 00:00 0 
7f61cc743000-7f61cc844000 rw-p 00000000 00:00 0 
7f61cc844000-7f61cc845000 ---p 00000000 00:00 0 
7f61cc845000-7f61cc9fa000 rw-p 00000000 00:00 0 
7f61cc9fa000-7f61ccd64000 ---p 00000000 00:00 0 
7f61ccd64000-7f61ccda0000 rw-p 00000000 00:00 0 
7f61ccda0000-7f61cd10a000 ---p 00000000 00:00 0 
7f61cd10a000-7f61cd146000 rw-p 00000000 00:00 0 
7f61cd146000-7f61cd4b0000 ---p 00000000 00:00 0 
7f61cd4b0000-7f61cdcbe000 rw-p 00000000 00:00 0 
7f61cdcbe000-7f61cdda4000 ---p 00000000 00:00 0 
7f61cdda4000-7f61cdda9000 rw-p 00000000 00:00 0 
7f61cdda9000-7f61cde8f000 ---p 00000000 00:00 0 
7f61cde8f000-7f61cde94000 rw-p 00000000 00:00 0 
7f61cde94000-7f61cde9b000 ---p 00000000 00:00 0 
7f61cde9b000-7f61cdea3000 rw-s 00000000 08:06 2234670                    /tmp/hsperfdata_mamad/239699
7f61cdea3000-7f61cdeaf000 r--p 00000000 08:06 1446428                    /usr/lib/jvm/java-17-openjdk-amd64/lib/libjava.so
7f61cdeaf000-7f61cdec2000 r-xp 0000c000 08:06 1446428                    /usr/lib/jvm/java-17-openjdk-amd64/lib/libjava.so
7f61cdec2000-7f61cdec8000 r--p 0001f000 08:06 1446428                    /usr/lib/jvm/java-17-openjdk-amd64/lib/libjava.so
7f61cdec8000-7f61cdec9000 r--p 00024000 08:06 1446428                    /usr/lib/jvm/java-17-openjdk-amd64/lib/libjava.so
7f61cdec9000-7f61cdeca000 rw-p 00025000 08:06 1446428                    /usr/lib/jvm/java-17-openjdk-amd64/lib/libjava.so
7f61cdeca000-7f61cdecb000 rw-p 00000000 00:00 0 
7f61cdecb000-7f61cdecc000 r--p 00000000 08:06 1446423                    /usr/lib/jvm/java-17-openjdk-amd64/lib/libinstrument.so
7f61cdecc000-7f61cded2000 r-xp 00001000 08:06 1446423                    /usr/lib/jvm/java-17-openjdk-amd64/lib/libinstrument.so
7f61cded2000-7f61cded5000 r--p 00007000 08:06 1446423                    /usr/lib/jvm/java-17-openjdk-amd64/lib/libinstrument.so
7f61cded5000-7f61cded6000 r--p 00009000 08:06 1446423                    /usr/lib/jvm/java-17-openjdk-amd64/lib/libinstrument.so
7f61cded6000-7f61cded7000 rw-p 0000a000 08:06 1446423                    /usr/lib/jvm/java-17-openjdk-amd64/lib/libinstrument.so
7f61cded7000-7f61cdedb000 ---p 00000000 00:00 0 
7f61cdedb000-7f61cdfd7000 rw-p 00000000 00:00 0 
7f61cdfd7000-7f61cdfda000 r--p 00000000 08:06 1316616                    /usr/lib/x86_64-linux-gnu/libgcc_s.so.1
7f61cdfda000-7f61cdff1000 r-xp 00003000 08:06 1316616                    /usr/lib/x86_64-linux-gnu/libgcc_s.so.1
7f61cdff1000-7f61cdff5000 r--p 0001a000 08:06 1316616                    /usr/lib/x86_64-linux-gnu/libgcc_s.so.1
7f61cdff5000-7f61cdff6000 r--p 0001d000 08:06 1316616                    /usr/lib/x86_64-linux-gnu/libgcc_s.so.1
7f61cdff6000-7f61cdff7000 rw-p 0001e000 08:06 1316616                    /usr/lib/x86_64-linux-gnu/libgcc_s.so.1
7f61cdff7000-7f61ce005000 r--p 00000000 08:06 1317722                    /usr/lib/x86_64-linux-gnu/libm.so.6
7f61ce005000-7f61ce081000 r-xp 0000e000 08:06 1317722                    /usr/lib/x86_64-linux-gnu/libm.so.6
7f61ce081000-7f61ce0dc000 r--p 0008a000 08:06 1317722                    /usr/lib/x86_64-linux-gnu/libm.so.6
7f61ce0dc000-7f61ce0dd000 r--p 000e4000 08:06 1317722                    /usr/lib/x86_64-linux-gnu/libm.so.6
7f61ce0dd000-7f61ce0de000 rw-p 000e5000 08:06 1317722                    /usr/lib/x86_64-linux-gnu/libm.so.6
7f61ce0de000-7f61ce178000 r--p 00000000 08:06 1316612                    /usr/lib/x86_64-linux-gnu/libstdc++.so.6.0.30
7f61ce178000-7f61ce289000 r-xp 0009a000 08:06 1316612                    /usr/lib/x86_64-linux-gnu/libstdc++.so.6.0.30
7f61ce289000-7f61ce2f8000 r--p 001ab000 08:06 1316612                    /usr/lib/x86_64-linux-gnu/libstdc++.so.6.0.30
7f61ce2f8000-7f61ce2f9000 ---p 0021a000 08:06 1316612                    /usr/lib/x86_64-linux-gnu/libstdc++.so.6.0.30
7f61ce2f9000-7f61ce304000 r--p 0021a000 08:06 1316612                    /usr/lib/x86_64-linux-gnu/libstdc++.so.6.0.30
7f61ce304000-7f61ce307000 rw-p 00225000 08:06 1316612                    /usr/lib/x86_64-linux-gnu/libstdc++.so.6.0.30
7f61ce307000-7f61ce30a000 rw-p 00000000 00:00 0 
7f61ce30a000-7f61ce55a000 r--p 00000000 08:06 1576319                    /usr/lib/jvm/java-17-openjdk-amd64/lib/server/libjvm.so
7f61ce55a000-7f61cf2de000 r-xp 00250000 08:06 1576319                    /usr/lib/jvm/java-17-openjdk-amd64/lib/server/libjvm.so
7f61cf2de000-7f61cf561000 r--p 00fd4000 08:06 1576319                    /usr/lib/jvm/java-17-openjdk-amd64/lib/server/libjvm.so
7f61cf561000-7f61cf619000 r--p 01256000 08:06 1576319                    /usr/lib/jvm/java-17-openjdk-amd64/lib/server/libjvm.so
7f61cf619000-7f61cf64e000 rw-p 0130e000 08:06 1576319                    /usr/lib/jvm/java-17-openjdk-amd64/lib/server/libjvm.so
7f61cf64e000-7f61cf6aa000 rw-p 00000000 00:00 0 
7f61cf6aa000-7f61cf6ac000 r--p 00000000 08:06 1318425                    /usr/lib/x86_64-linux-gnu/libz.so.1.2.11
7f61cf6ac000-7f61cf6bd000 r-xp 00002000 08:06 1318425                    /usr/lib/x86_64-linux-gnu/libz.so.1.2.11
7f61cf6bd000-7f61cf6c3000 r--p 00013000 08:06 1318425                    /usr/lib/x86_64-linux-gnu/libz.so.1.2.11
7f61cf6c3000-7f61cf6c4000 ---p 00019000 08:06 1318425                    /usr/lib/x86_64-linux-gnu/libz.so.1.2.11
7f61cf6c4000-7f61cf6c5000 r--p 00019000 08:06 1318425                    /usr/lib/x86_64-linux-gnu/libz.so.1.2.11
7f61cf6c5000-7f61cf6c6000 rw-p 0001a000 08:06 1318425                    /usr/lib/x86_64-linux-gnu/libz.so.1.2.11
7f61cf6c6000-7f61cf6ee000 r--p 00000000 08:06 1317071                    /usr/lib/x86_64-linux-gnu/libc.so.6
7f61cf6ee000-7f61cf883000 r-xp 00028000 08:06 1317071                    /usr/lib/x86_64-linux-gnu/libc.so.6
7f61cf883000-7f61cf8db000 r--p 001bd000 08:06 1317071                    /usr/lib/x86_64-linux-gnu/libc.so.6
7f61cf8db000-7f61cf8df000 r--p 00214000 08:06 1317071                    /usr/lib/x86_64-linux-gnu/libc.so.6
7f61cf8df000-7f61cf8e1000 rw-p 00218000 08:06 1317071                    /usr/lib/x86_64-linux-gnu/libc.so.6
7f61cf8e1000-7f61cf8ee000 rw-p 00000000 00:00 0 
7f61cf8f2000-7f61cf8f3000 ---p 00000000 00:00 0 
7f61cf8f3000-7f61cf8f4000 r--p 00000000 00:00 0 
7f61cf8f4000-7f61cf8f6000 r--p 00000000 08:06 1446432                    /usr/lib/jvm/java-17-openjdk-amd64/lib/libjimage.so
7f61cf8f6000-7f61cf8f9000 r-xp 00002000 08:06 1446432                    /usr/lib/jvm/java-17-openjdk-amd64/lib/libjimage.so
7f61cf8f9000-7f61cf8fa000 r--p 00005000 08:06 1446432                    /usr/lib/jvm/java-17-openjdk-amd64/lib/libjimage.so
7f61cf8fa000-7f61cf8fb000 ---p 00006000 08:06 1446432                    /usr/lib/jvm/java-17-openjdk-amd64/lib/libjimage.so
7f61cf8fb000-7f61cf8fc000 r--p 00006000 08:06 1446432                    /usr/lib/jvm/java-17-openjdk-amd64/lib/libjimage.so
7f61cf8fc000-7f61cf8fd000 rw-p 00007000 08:06 1446432                    /usr/lib/jvm/java-17-openjdk-amd64/lib/libjimage.so
7f61cf8fd000-7f61cf8ff000 r--p 00000000 08:06 1446434                    /usr/lib/jvm/java-17-openjdk-amd64/lib/libjli.so
7f61cf8ff000-7f61cf909000 r-xp 00002000 08:06 1446434                    /usr/lib/jvm/java-17-openjdk-amd64/lib/libjli.so
7f61cf909000-7f61cf90c000 r--p 0000c000 08:06 1446434                    /usr/lib/jvm/java-17-openjdk-amd64/lib/libjli.so
7f61cf90c000-7f61cf90d000 r--p 0000e000 08:06 1446434                    /usr/lib/jvm/java-17-openjdk-amd64/lib/libjli.so
7f61cf90d000-7f61cf90e000 rw-p 0000f000 08:06 1446434                    /usr/lib/jvm/java-17-openjdk-amd64/lib/libjli.so
7f61cf90e000-7f61cf910000 rw-p 00000000 00:00 0 
7f61cf910000-7f61cf912000 r--p 00000000 08:06 1316734                    /usr/lib/x86_64-linux-gnu/ld-linux-x86-64.so.2
7f61cf912000-7f61cf93c000 r-xp 00002000 08:06 1316734                    /usr/lib/x86_64-linux-gnu/ld-linux-x86-64.so.2
7f61cf93c000-7f61cf947000 r--p 0002c000 08:06 1316734                    /usr/lib/x86_64-linux-gnu/ld-linux-x86-64.so.2
7f61cf947000-7f61cf948000 ---p 00000000 00:00 0 
7f61cf948000-7f61cf94a000 r--p 00037000 08:06 1316734                    /usr/lib/x86_64-linux-gnu/ld-linux-x86-64.so.2
7f61cf94a000-7f61cf94c000 rw-p 00039000 08:06 1316734                    /usr/lib/x86_64-linux-gnu/ld-linux-x86-64.so.2
7ffc6a783000-7ffc6a7a5000 rw-p 00000000 00:00 0                          [stack]
7ffc6a7c5000-7ffc6a7c9000 r--p 00000000 00:00 0                          [vvar]
7ffc6a7c9000-7ffc6a7cb000 r-xp 00000000 00:00 0                          [vdso]
ffffffffff600000-ffffffffff601000 --xp 00000000 00:00 0                  [vsyscall]


VM Arguments:
jvm_args: -javaagent:/home/mamad/Desktop/idea-IU-231.8109.175/lib/idea_rt.jar=35797:/home/mamad/Desktop/idea-IU-231.8109.175/bin -Dfile.encoding=UTF-8 
java_command: com.mpj.ModbusRTURegistersExample
java_class_path (initial): /home/mamad/Desktop/jserialcommAndJamod/target/classes:/home/mamad/.m2/repository/com/fazecast/jSerialComm/2.10.3/jSerialComm-2.10.3.jar:/home/mamad/.m2/repository/net/wimpi/jamod/1.2/jamod-1.2.jar:/home/mamad/.m2/repository/org/rxtx/rxtx/2.1.7/rxtx-2.1.7.jar
Launcher Type: SUN_STANDARD

[Global flags]
     intx CICompilerCount                          = 4                                         {product} {ergonomic}
     uint ConcGCThreads                            = 2                                         {product} {ergonomic}
     uint G1ConcRefinementThreads                  = 8                                         {product} {ergonomic}
   size_t G1HeapRegionSize                         = 1048576                                   {product} {ergonomic}
    uintx GCDrainStackTargetSize                   = 64                                        {product} {ergonomic}
   size_t InitialHeapSize                          = 123731968                                 {product} {ergonomic}
   size_t MarkStackSize                            = 4194304                                   {product} {ergonomic}
   size_t MaxHeapSize                              = 1958739968                                {product} {ergonomic}
   size_t MaxNewSize                               = 1174405120                                {product} {ergonomic}
   size_t MinHeapDeltaBytes                        = 1048576                                   {product} {ergonomic}
   size_t MinHeapSize                              = 8388608                                   {product} {ergonomic}
    uintx NonNMethodCodeHeapSize                   = 5839372                                {pd product} {ergonomic}
    uintx NonProfiledCodeHeapSize                  = 122909434                              {pd product} {ergonomic}
    uintx ProfiledCodeHeapSize                     = 122909434                              {pd product} {ergonomic}
    uintx ReservedCodeCacheSize                    = 251658240                              {pd product} {ergonomic}
     bool SegmentedCodeCache                       = true                                      {product} {ergonomic}
   size_t SoftMaxHeapSize                          = 1958739968                             {manageable} {ergonomic}
     bool UseCompressedClassPointers               = true                           {product lp64_product} {ergonomic}
     bool UseCompressedOops                        = true                           {product lp64_product} {ergonomic}
     bool UseG1GC                                  = true                                      {product} {ergonomic}

Logging:
Log output configuration:
 #0: stdout all=warning uptime,level,tags
 #1: stderr all=off uptime,level,tags

Environment Variables:
JAVA_HOME=/usr/lib/jvm/java-17-openjdk-amd64
PATH=/usr/local/sbin:/usr/local/bin:/usr/sbin:/usr/bin:/sbin:/bin:/usr/games:/usr/local/games:/snap/bin:/snap/bin
USERNAME=mamad
SHELL=/bin/bash
DISPLAY=:0
LANG=en_US.UTF-8
LC_NUMERIC=az_IR
LC_TIME=az_IR
TERM=xterm-256color

Active Locale:
LC_ALL=LC_CTYPE=en_US.UTF-8;LC_NUMERIC=az_IR;LC_TIME=az_IR;LC_COLLATE=en_US.UTF-8;LC_MONETARY=az_IR;LC_MESSAGES=en_US.UTF-8;LC_PAPER=az_IR;LC_NAME=az_IR;LC_ADDRESS=az_IR;LC_TELEPHONE=az_IR;LC_MEASUREMENT=az_IR;LC_IDENTIFICATION=az_IR
LC_COLLATE=en_US.UTF-8
LC_CTYPE=en_US.UTF-8
LC_MESSAGES=en_US.UTF-8
LC_MONETARY=az_IR
LC_NUMERIC=az_IR
LC_TIME=az_IR

Signal Handlers:
   SIGSEGV: crash_handler in libjvm.so, mask=11100100010111111101111111111110, flags=SA_RESTART|SA_SIGINFO, unblocked
    SIGBUS: crash_handler in libjvm.so, mask=11100100010111111101111111111110, flags=SA_RESTART|SA_SIGINFO, unblocked
    SIGFPE: crash_handler in libjvm.so, mask=11100100010111111101111111111110, flags=SA_RESTART|SA_SIGINFO, unblocked
   SIGPIPE: javaSignalHandler in libjvm.so, mask=11100100010111111101111111111110, flags=SA_RESTART|SA_SIGINFO, blocked
   SIGXFSZ: javaSignalHandler in libjvm.so, mask=11100100010111111101111111111110, flags=SA_RESTART|SA_SIGINFO, blocked
    SIGILL: crash_handler in libjvm.so, mask=11100100010111111101111111111110, flags=SA_RESTART|SA_SIGINFO, unblocked
   SIGUSR2: SIG_IGN, mask=00000000000000000000000000000000, flags=none, blocked
  *** Handler was modified!
  *** Expected: SR_handler in libjvm.so, mask=00100000000000000000000000000000, flags=SA_RESTART|SA_SIGINFO
    SIGHUP: SIG_IGN, mask=00000000000000000000000000000000, flags=none, blocked
    SIGINT: UserHandler in libjvm.so, mask=11100100010111111101111111111110, flags=SA_RESTART|SA_SIGINFO, blocked
   SIGTERM: UserHandler in libjvm.so, mask=11100100010111111101111111111110, flags=SA_RESTART|SA_SIGINFO, blocked
   SIGQUIT: UserHandler in libjvm.so, mask=11100100010111111101111111111110, flags=SA_RESTART|SA_SIGINFO, blocked
   SIGTRAP: crash_handler in libjvm.so, mask=11100100010111111101111111111110, flags=SA_RESTART|SA_SIGINFO, unblocked


---------------  S Y S T E M  ---------------

OS:
DISTRIB_ID=Ubuntu
DISTRIB_RELEASE=22.04
DISTRIB_CODENAME=jammy
DISTRIB_DESCRIPTION="Ubuntu 22.04.1 LTS"
uname: Linux 5.15.0-43-generic #46-Ubuntu SMP Tue Jul 12 10:30:17 UTC 2022 x86_64
OS uptime: 0 days 5:13 hours
libc: glibc 2.35 NPTL 2.35 
rlimit (soft/hard): STACK 8192k/infinity , CORE 0k/infinity , NPROC 29602/29602 , NOFILE 1048576/1048576 , AS infinity/infinity , CPU infinity/infinity , DATA infinity/infinity , FSIZE infinity/infinity , MEMLOCK 955968k/955968k
load average: 1.12 1.36 1.19

/proc/meminfo:
MemTotal:        7647756 kB
MemFree:          261136 kB
MemAvailable:    1472868 kB
Buffers:           67092 kB
Cached:          2066520 kB
SwapCached:        38176 kB
Active:          2376232 kB
Inactive:        4349968 kB
Active(anon):    1351616 kB
Inactive(anon):  3986448 kB
Active(file):    1024616 kB
Inactive(file):   363520 kB
Unevictable:       45200 kB
Mlocked:              32 kB
SwapTotal:       2097148 kB
SwapFree:        1162132 kB
Dirty:              9900 kB
Writeback:             0 kB
AnonPages:       4609176 kB
Mapped:           651704 kB
Shmem:            748796 kB
KReclaimable:     100268 kB
Slab:             275096 kB
SReclaimable:     100268 kB
SUnreclaim:       174828 kB
KernelStack:       22848 kB
PageTables:        65112 kB
NFS_Unstable:          0 kB
Bounce:                0 kB
WritebackTmp:          0 kB
CommitLimit:     5921024 kB
Committed_AS:   16387952 kB
VmallocTotal:   34359738367 kB
VmallocUsed:       64656 kB
VmallocChunk:          0 kB
Percpu:             8864 kB
HardwareCorrupted:     0 kB
AnonHugePages:         0 kB
ShmemHugePages:        0 kB
ShmemPmdMapped:        0 kB
FileHugePages:         0 kB
FilePmdMapped:         0 kB
HugePages_Total:       0
HugePages_Free:        0
HugePages_Rsvd:        0
HugePages_Surp:        0
Hugepagesize:       2048 kB
Hugetlb:               0 kB
DirectMap4k:      406716 kB
DirectMap2M:     6436864 kB
DirectMap1G:     2097152 kB

/sys/kernel/mm/transparent_hugepage/enabled: always [madvise] never
/sys/kernel/mm/transparent_hugepage/defrag (defrag/compaction efforts parameter): always defer defer+madvise [madvise] never

Process Memory:
Virtual Size: 4851768K (peak: 4851768K)
Resident Set Size: 47852K (peak: 47852K) (anon: 18532K, file: 29320K, shmem: 0K)
Swapped out: 0K
C-Heap outstanding allocations: 26361K, retained: 2182K
glibc malloc tunables: (default)

/proc/sys/kernel/threads-max (system-wide limit on the number of threads): 59205
/proc/sys/vm/max_map_count (maximum number of memory map areas a process may have): 65530
/proc/sys/kernel/pid_max (system-wide limit on number of process identifiers): 4194304

container (cgroup) information:
container_type: cgroupv2
cpu_cpuset_cpus: not supported
cpu_memory_nodes: not supported
active_processor_count: 8
cpu_quota: not supported
cpu_period: not supported
cpu_shares: not supported
memory_limit_in_bytes: unlimited
memory_and_swap_limit_in_bytes: unlimited
memory_soft_limit_in_bytes: unlimited
memory_usage_in_bytes: 2896652 k
memory_max_usage_in_bytes: not supported
memory_swap_current_in_bytes: 524240 k
memory_swap_max_limit_in_bytes: unlimited
maximum number of tasks: 8880
current number of tasks: 177

Steal ticks since vm start: 0
Steal ticks percentage since vm start:  0.000

CPU: total 8 (initial active 8) (4 cores per cpu, 2 threads per core) family 6 model 126 stepping 5 microcode 0xb8, cx8, cmov, fxsr, ht, mmx, 3dnowpref, sse, sse2, sse3, ssse3, sse4.1, sse4.2, popcnt, lzcnt, tsc, tscinvbit, avx, avx2, aes, erms, clmul, bmi1, bmi2, adx, avx512f, avx512dq, avx512cd, avx512bw, avx512vl, sha, fma, vzeroupper, avx512_vpopcntdq, avx512_vpclmulqdq, avx512_vaes, avx512_vnni, clflush, clflushopt, avx512_vbmi2, avx512_vbmi
CPU Model and flags from /proc/cpuinfo:
model name	: Intel(R) Core(TM) i5-1035G1 CPU @ 1.00GHz
flags		: fpu vme de pse tsc msr pae mce cx8 apic sep mtrr pge mca cmov pat pse36 clflush dts acpi mmx fxsr sse sse2 ss ht tm pbe syscall nx pdpe1gb rdtscp lm constant_tsc art arch_perfmon pebs bts rep_good nopl xtopology nonstop_tsc cpuid aperfmperf tsc_known_freq pni pclmulqdq dtes64 monitor ds_cpl vmx est tm2 ssse3 sdbg fma cx16 xtpr pdcm pcid sse4_1 sse4_2 x2apic movbe popcnt tsc_deadline_timer aes xsave avx f16c rdrand lahf_lm abm 3dnowprefetch cpuid_fault epb invpcid_single ssbd ibrs ibpb stibp ibrs_enhanced tpr_shadow vnmi flexpriority ept vpid ept_ad fsgsbase tsc_adjust sgx bmi1 avx2 smep bmi2 erms invpcid avx512f avx512dq rdseed adx smap avx512ifma clflushopt intel_pt avx512cd sha_ni avx512bw avx512vl xsaveopt xsavec xgetbv1 xsaves split_lock_detect dtherm ida arat pln pts hwp hwp_notify hwp_act_window hwp_epp hwp_pkg_req avx512vbmi umip pku ospke avx512_vbmi2 gfni vaes vpclmulqdq avx512_vnni avx512_bitalg avx512_vpopcntdq rdpid sgx_lc fsrm md_clear flush_l1d arch_capabilities

Online cpus: 0-7
Offline cpus: 
BIOS frequency limitation: <Not Available>
Frequency switch latency (ns): 0
Available cpu frequencies: <Not Available>
Current governor: powersave
Core performance/turbo boost: <Not Available>

Memory: 4k page, physical 7647756k(260884k free), swap 2097148k(1162132k free)
Page Sizes: 4k

vm_info: OpenJDK 64-Bit Server VM (17.0.7+7-Ubuntu-0ubuntu122.04.2) for linux-amd64 JRE (17.0.7+7-Ubuntu-0ubuntu122.04.2), built on May 10 2023 04:02:16 by "buildd" with gcc 11.3.0

END.
