#
# A fatal error has been detected by the Java Runtime Environment:
#
#  SIGSEGV (0xb) at pc=0x00007f69e77ffa64, pid=235153, tid=235157
#
# JRE version: OpenJDK Runtime Environment (17.0.7+7) (build 17.0.7+7-Ubuntu-0ubuntu122.04.2)
# Java VM: OpenJDK 64-Bit Server VM (17.0.7+7-Ubuntu-0ubuntu122.04.2, mixed mode, sharing, tiered, compressed oops, compressed class ptrs, g1 gc, linux-amd64)
# Problematic frame:
# V  [libjvm.so+0x28da64]  AccessInternal::PostRuntimeDispatch<G1BarrierSet::AccessBarrier<548964ul, G1BarrierSet>, (AccessInternal::BarrierType)2, 548964ul>::oop_access_barrier(void*)+0x4
#
# Core dump will be written. Default location: Core dumps may be processed with "/usr/share/apport/apport -p%p -s%s -c%c -d%d -P%P -u%u -g%g -- %E" (or dumping to /home/mamad/Desktop/jserialcommAndJamod/core.235153)
#
# If you would like to submit a bug report, please visit:
#   Unknown
#

---------------  S U M M A R Y ------------

Command Line: -javaagent:/home/mamad/Desktop/idea-IU-231.8109.175/lib/idea_rt.jar=41285:/home/mamad/Desktop/idea-IU-231.8109.175/bin -Dfile.encoding=UTF-8 com.mpj.ModbusRTURegistersExample

Host: Intel(R) Core(TM) i5-1035G1 CPU @ 1.00GHz, 8 cores, 7G, Ubuntu 22.04.1 LTS
Time: Tue Aug  8 14:59:25 2023 +0330 elapsed time: 0.144854 seconds (0d 0h 0m 0s)

---------------  T H R E A D  ---------------

Current thread (0x00007f69e0015850):  JavaThread "main" [_thread_in_vm, id=235157, stack(0x00007f69e713f000,0x00007f69e723f000)]

Stack: [0x00007f69e713f000,0x00007f69e723f000],  sp=0x00007f69e723d708,  free space=1017k
Native frames: (J=compiled Java code, j=interpreted, Vv=VM code, C=native code)
V  [libjvm.so+0x28da64]  AccessInternal::PostRuntimeDispatch<G1BarrierSet::AccessBarrier<548964ul, G1BarrierSet>, (AccessInternal::BarrierType)2, 548964ul>::oop_access_barrier(void*)+0x4

Java frames: (J=compiled Java code, j=interpreted, Vv=VM code)
j  com.fazecast.jSerialComm.SerialPort.writeBytes(J[BIII)I+0
j  com.fazecast.jSerialComm.SerialPort.writeBytes([BI)I+58
j  com.mpj.ModbusRTURegistersExample.main([Ljava/lang/String;)V+136
v  ~StubRoutines::call_stub

siginfo: si_signo: 11 (SIGSEGV), si_code: 1 (SEGV_MAPERR), si_addr: 0x0000000000000000

Register to memory mapping:

RAX=0x0 is NULL
RBX=0x00007f69e0015af8 points into unknown readable memory: 0x00007f69e88874c0 | c0 74 88 e8 69 7f 00 00
RCX=0x0 is NULL
RDX=0x00007f69e01d9f10 points into unknown readable memory: 0x0000000000000000 | 00 00 00 00 00 00 00 00
RSP=0x00007f69e723d708 is pointing into the stack for thread: 0x00007f69e0015850
RBP=0x00007f69e723d730 is pointing into the stack for thread: 0x00007f69e0015850
RSI=0x0 is NULL
RDI=0x0 is NULL
R8 =0x0000000000000008 is an unknown value
R9 =0x0 is NULL
R10=0x00007f69d0b014eb is at code_begin+843 in an Interpreter codelet
method entry point (kind = native)  [0x00007f69d0b011a0, 0x00007f69d0b01a00]  2144 bytes
R11=0x0000000000000102 is an unknown value
R12=0x00007f69e0015850 is a thread
R13=0x0 is NULL
R14=0x0 is NULL
R15=0x00007f69e0015850 is a thread


Registers:
RAX=0x0000000000000000, RBX=0x00007f69e0015af8, RCX=0x0000000000000000, RDX=0x00007f69e01d9f10
RSP=0x00007f69e723d708, RBP=0x00007f69e723d730, RSI=0x0000000000000000, RDI=0x0000000000000000
R8 =0x0000000000000008, R9 =0x0000000000000000, R10=0x00007f69d0b014eb, R11=0x0000000000000102
R12=0x00007f69e0015850, R13=0x0000000000000000, R14=0x0000000000000000, R15=0x00007f69e0015850
RIP=0x00007f69e77ffa64, EFLAGS=0x0000000000010246, CSGSFS=0x002b000000000033, ERR=0x0000000000000004
  TRAPNO=0x000000000000000e

Top of Stack: (sp=0x00007f69e723d708)
0x00007f69e723d708:   00007f69e7e2ef69 00007f69e0015850
0x00007f69e723d718:   00007f69e0015af8 0000000000000008
0x00007f69e723d728:   0000000000000000 00007f69e01d9f10
0x00007f69e723d738:   00007f69e406c626 00007f69ac40a790 

Instructions: (pc=0x00007f69e77ffa64)
0x00007f69e77ff964:   e0 48 83 c4 18 5b 41 5c 41 5d 41 5e 41 5f 5d c3
0x00007f69e77ff974:   0f 1f 40 00 49 8b 44 24 20 4c 89 e7 4c 89 45 c8
0x00007f69e77ff984:   48 8d 58 10 e8 d3 38 44 00 4c 8b 45 c8 48 39 c3
0x00007f69e77ff994:   75 93 48 8b 45 18 4d 63 ed 4c 89 e7 48 8b 00 4a
0x00007f69e77ff9a4:   8d 34 e8 e8 c4 38 44 00 4c 8b 45 c8 e9 74 ff ff
0x00007f69e77ff9b4:   ff 90 66 2e 0f 1f 84 00 00 00 00 00 f3 0f 1e fa
0x00007f69e77ff9c4:   83 ef 04 83 ff 0a 77 14 48 8d 05 ad 6b d4 00 8b
0x00007f69e77ff9d4:   04 b8 c3 66 0f 1f 84 00 00 00 00 00 48 8d 05 61
0x00007f69e77ff9e4:   59 08 01 55 be 9c 00 00 00 48 8d 3d 3c 6b d4 00
0x00007f69e77ff9f4:   48 8b 00 48 89 e5 c6 00 58 e8 de 24 38 00 e8 99
0x00007f69e77ffa04:   c1 99 00 31 c0 5d c3 90 0f 1f 40 00 f3 0f 1e fa
0x00007f69e77ffa14:   48 8b 47 08 0f b7 50 28 0f b7 40 2a 8d 44 02 19
0x00007f69e77ffa24:   c3 66 2e 0f 1f 84 00 00 00 00 00 90 f3 0f 1e fa
0x00007f69e77ffa34:   8b 47 08 c1 f8 03 c3 0f 1f 44 00 00 f3 0f 1e fa
0x00007f69e77ffa44:   48 8b 07 c3 0f 1f 84 00 00 00 00 00 f3 0f 1e fa
0x00007f69e77ffa54:   48 8b 07 c3 0f 1f 84 00 00 00 00 00 f3 0f 1e fa
0x00007f69e77ffa64:   48 8b 07 c3 0f 1f 84 00 00 00 00 00 f3 0f 1e fa
0x00007f69e77ffa74:   48 8b 07 c3 0f 1f 84 00 00 00 00 00 f3 0f 1e fa
0x00007f69e77ffa84:   48 8b 07 c3 0f 1f 84 00 00 00 00 00 f3 0f 1e fa
0x00007f69e77ffa94:   48 8b 07 c3 0f 1f 84 00 00 00 00 00 f3 0f 1e fa
0x00007f69e77ffaa4:   55 48 89 e5 41 55 41 54 53 48 83 ec 08 48 8b 1f
0x00007f69e77ffab4:   4c 8d 2d c5 d9 10 01 48 89 da 49 23 55 00 48 89
0x00007f69e77ffac4:   d8 75 11 48 83 c4 08 5b 41 5c 41 5d 5d c3 66 0f
0x00007f69e77ffad4:   1f 44 00 00 49 89 fc 48 89 df e8 0d d9 cf 00 48
0x00007f69e77ffae4:   89 c2 48 85 c0 74 05 4d 85 e4 75 16 48 83 c4 08
0x00007f69e77ffaf4:   48 89 d0 5b 41 5c 41 5d 5d c3 66 90 49 23 45 00
0x00007f69e77ffb04:   74 ea 48 89 d9 48 89 d8 f0 49 0f b1 14 24 48 89
0x00007f69e77ffb14:   c3 48 39 c8 75 e6 eb d4 0f 1f 40 00 f3 0f 1e fa
0x00007f69e77ffb24:   55 48 89 e5 41 54 49 89 fc 48 83 ec 08 48 8d 05
0x00007f69e77ffb34:   58 a6 0b 01 48 8d 15 4f c6 0c 01 48 8b 00 80 3a
0x00007f69e77ffb44:   00 8b 40 10 74 1e 83 f8 05 0f 87 d9 00 00 00 48
0x00007f69e77ffb54:   8d 15 5a 69 d4 00 48 63 04 82 48 01 d0 3e ff e0 


Stack slot to memory mapping:
stack at sp + 0 slots: 0x00007f69e7e2ef69: <offset 0x00000000008bcf69> in /usr/lib/jvm/java-17-openjdk-amd64/lib/server/libjvm.so at 0x00007f69e7572000
stack at sp + 1 slots: 0x00007f69e0015850 is a thread
stack at sp + 2 slots: 0x00007f69e0015af8 points into unknown readable memory: 0x00007f69e88874c0 | c0 74 88 e8 69 7f 00 00
stack at sp + 3 slots: 0x0000000000000008 is an unknown value
stack at sp + 4 slots: 0x0 is NULL
stack at sp + 5 slots: 0x00007f69e01d9f10 points into unknown readable memory: 0x0000000000000000 | 00 00 00 00 00 00 00 00
stack at sp + 6 slots: 0x00007f69e406c626: Java_com_fazecast_jSerialComm_SerialPort_writeBytes+0x000000000000003c in /tmp/jSerialComm/2.10.3/libjSerialComm.so at 0x00007f69e4066000
stack at sp + 7 slots: {method} {0x00007f69ac40a790} 'writeBytes' '(J[BIII)I' in 'com/fazecast/jSerialComm/SerialPort'


---------------  P R O C E S S  ---------------

Threads class SMR info:
_java_thread_list=0x00007f69e01d2360, length=12, elements={
0x00007f69e0015850, 0x00007f69e011f760, 0x00007f69e0120b40, 0x00007f69e0127350,
0x00007f69e0128700, 0x00007f69e0129b10, 0x00007f69e012b4c0, 0x00007f69e012c9f0,
0x00007f69e0135e50, 0x00007f69e0141570, 0x00007f69e01cf950, 0x00007f69e01d1440
}

Java Threads: ( => current thread )
=>0x00007f69e0015850 JavaThread "main" [_thread_in_vm, id=235157, stack(0x00007f69e713f000,0x00007f69e723f000)]
  0x00007f69e011f760 JavaThread "Reference Handler" daemon [_thread_blocked, id=235170, stack(0x00007f69e4aac000,0x00007f69e4bac000)]
  0x00007f69e0120b40 JavaThread "Finalizer" daemon [_thread_blocked, id=235171, stack(0x00007f69e49ac000,0x00007f69e4aac000)]
  0x00007f69e0127350 JavaThread "Signal Dispatcher" daemon [_thread_blocked, id=235172, stack(0x00007f69e48ac000,0x00007f69e49ac000)]
  0x00007f69e0128700 JavaThread "Service Thread" daemon [_thread_blocked, id=235173, stack(0x00007f69e47ac000,0x00007f69e48ac000)]
  0x00007f69e0129b10 JavaThread "Monitor Deflation Thread" daemon [_thread_blocked, id=235174, stack(0x00007f69e46ac000,0x00007f69e47ac000)]
  0x00007f69e012b4c0 JavaThread "C2 CompilerThread0" daemon [_thread_blocked, id=235175, stack(0x00007f69e45ac000,0x00007f69e46ac000)]
  0x00007f69e012c9f0 JavaThread "C1 CompilerThread0" daemon [_thread_blocked, id=235178, stack(0x00007f69e44ac000,0x00007f69e45ac000)]
  0x00007f69e0135e50 JavaThread "Sweeper thread" daemon [_thread_blocked, id=235179, stack(0x00007f69e43ac000,0x00007f69e44ac000)]
  0x00007f69e0141570 JavaThread "Common-Cleaner" daemon [_thread_blocked, id=235183, stack(0x00007f69e42ac000,0x00007f69e43ac000)]
  0x00007f69e01cf950 JavaThread "Monitor Ctrl-Break" daemon [_thread_in_native, id=235184, stack(0x00007f69e4173000,0x00007f69e4273000)]
  0x00007f69e01d1440 JavaThread "Notification Thread" daemon [_thread_blocked, id=235185, stack(0x00007f69e4073000,0x00007f69e4173000)]

Other Threads:
  0x00007f69e011b6b0 VMThread "VM Thread" [stack: 0x00007f69e4bae000,0x00007f69e4cae000] [id=235169]
  0x00007f69e0018020 WatcherThread [stack: 0x00007f69c49a5000,0x00007f69c4aa5000] [id=235186]
  0x00007f69e006cc30 GCTaskThread "GC Thread#0" [stack: 0x00007f69e5aae000,0x00007f69e5bae000] [id=235164]
  0x00007f69e007cbb0 ConcurrentGCThread "G1 Main Marker" [stack: 0x00007f69e59ac000,0x00007f69e5aac000] [id=235165]
  0x00007f69e007db10 ConcurrentGCThread "G1 Conc#0" [stack: 0x00007f69e58aa000,0x00007f69e59aa000] [id=235166]
  0x00007f69e00ef4e0 ConcurrentGCThread "G1 Refine#0" [stack: 0x00007f69e4fa0000,0x00007f69e50a0000] [id=235167]
  0x00007f69e00f03d0 ConcurrentGCThread "G1 Service" [stack: 0x00007f69e4e9e000,0x00007f69e4f9e000] [id=235168]

Threads with active compile tasks:

VM state: not at safepoint (normal execution)

VM Mutex/Monitor currently owned by a thread: None

Heap address: 0x000000008b400000, size: 1868 MB, Compressed Oops mode: 32-bit

CDS archive(s) mapped at: [0x0000000800000000-0x0000000800be2000-0x0000000800be2000), size 12460032, SharedBaseAddress: 0x0000000800000000, ArchiveRelocationMode: 0.
Compressed class space mapped at: 0x0000000801000000-0x0000000841000000, reserved size: 1073741824
Narrow klass base: 0x0000000800000000, Narrow klass shift: 0, Narrow klass range: 0x100000000

GC Precious Log:
 CPUs: 8 total, 8 available
 Memory: 7468M
 Large Page Support: Disabled
 NUMA Support: Disabled
 Compressed Oops: Enabled (32-bit)
 Heap Region Size: 1M
 Heap Min Capacity: 8M
 Heap Initial Capacity: 118M
 Heap Max Capacity: 1868M
 Pre-touch: Disabled
 Parallel Workers: 8
 Concurrent Workers: 2
 Concurrent Refinement Workers: 8
 Periodic GC: Disabled

Heap:
 garbage-first heap   total 122880K, used 3040K [0x000000008b400000, 0x0000000100000000)
  region size 1024K, 3 young (3072K), 0 survivors (0K)
 Metaspace       used 811K, committed 960K, reserved 1114112K
  class space    used 64K, committed 128K, reserved 1048576K

Heap Regions: E=young(eden), S=young(survivor), O=old, HS=humongous(starts), HC=humongous(continues), CS=collection set, F=free, OA=open archive, CA=closed archive, TAMS=top-at-mark-start (previous, next)
|   0|0x000000008b400000, 0x000000008b400000, 0x000000008b500000|  0%| F|  |TAMS 0x000000008b400000, 0x000000008b400000| Untracked 
|   1|0x000000008b500000, 0x000000008b500000, 0x000000008b600000|  0%| F|  |TAMS 0x000000008b500000, 0x000000008b500000| Untracked 
|   2|0x000000008b600000, 0x000000008b600000, 0x000000008b700000|  0%| F|  |TAMS 0x000000008b600000, 0x000000008b600000| Untracked 
|   3|0x000000008b700000, 0x000000008b700000, 0x000000008b800000|  0%| F|  |TAMS 0x000000008b700000, 0x000000008b700000| Untracked 
|   4|0x000000008b800000, 0x000000008b800000, 0x000000008b900000|  0%| F|  |TAMS 0x000000008b800000, 0x000000008b800000| Untracked 
|   5|0x000000008b900000, 0x000000008b900000, 0x000000008ba00000|  0%| F|  |TAMS 0x000000008b900000, 0x000000008b900000| Untracked 
|   6|0x000000008ba00000, 0x000000008ba00000, 0x000000008bb00000|  0%| F|  |TAMS 0x000000008ba00000, 0x000000008ba00000| Untracked 
|   7|0x000000008bb00000, 0x000000008bb00000, 0x000000008bc00000|  0%| F|  |TAMS 0x000000008bb00000, 0x000000008bb00000| Untracked 
|   8|0x000000008bc00000, 0x000000008bc00000, 0x000000008bd00000|  0%| F|  |TAMS 0x000000008bc00000, 0x000000008bc00000| Untracked 
|   9|0x000000008bd00000, 0x000000008bd00000, 0x000000008be00000|  0%| F|  |TAMS 0x000000008bd00000, 0x000000008bd00000| Untracked 
|  10|0x000000008be00000, 0x000000008be00000, 0x000000008bf00000|  0%| F|  |TAMS 0x000000008be00000, 0x000000008be00000| Untracked 
|  11|0x000000008bf00000, 0x000000008bf00000, 0x000000008c000000|  0%| F|  |TAMS 0x000000008bf00000, 0x000000008bf00000| Untracked 
|  12|0x000000008c000000, 0x000000008c000000, 0x000000008c100000|  0%| F|  |TAMS 0x000000008c000000, 0x000000008c000000| Untracked 
|  13|0x000000008c100000, 0x000000008c100000, 0x000000008c200000|  0%| F|  |TAMS 0x000000008c100000, 0x000000008c100000| Untracked 
|  14|0x000000008c200000, 0x000000008c200000, 0x000000008c300000|  0%| F|  |TAMS 0x000000008c200000, 0x000000008c200000| Untracked 
|  15|0x000000008c300000, 0x000000008c300000, 0x000000008c400000|  0%| F|  |TAMS 0x000000008c300000, 0x000000008c300000| Untracked 
|  16|0x000000008c400000, 0x000000008c400000, 0x000000008c500000|  0%| F|  |TAMS 0x000000008c400000, 0x000000008c400000| Untracked 
|  17|0x000000008c500000, 0x000000008c500000, 0x000000008c600000|  0%| F|  |TAMS 0x000000008c500000, 0x000000008c500000| Untracked 
|  18|0x000000008c600000, 0x000000008c600000, 0x000000008c700000|  0%| F|  |TAMS 0x000000008c600000, 0x000000008c600000| Untracked 
|  19|0x000000008c700000, 0x000000008c700000, 0x000000008c800000|  0%| F|  |TAMS 0x000000008c700000, 0x000000008c700000| Untracked 
|  20|0x000000008c800000, 0x000000008c800000, 0x000000008c900000|  0%| F|  |TAMS 0x000000008c800000, 0x000000008c800000| Untracked 
|  21|0x000000008c900000, 0x000000008c900000, 0x000000008ca00000|  0%| F|  |TAMS 0x000000008c900000, 0x000000008c900000| Untracked 
|  22|0x000000008ca00000, 0x000000008ca00000, 0x000000008cb00000|  0%| F|  |TAMS 0x000000008ca00000, 0x000000008ca00000| Untracked 
|  23|0x000000008cb00000, 0x000000008cb00000, 0x000000008cc00000|  0%| F|  |TAMS 0x000000008cb00000, 0x000000008cb00000| Untracked 
|  24|0x000000008cc00000, 0x000000008cc00000, 0x000000008cd00000|  0%| F|  |TAMS 0x000000008cc00000, 0x000000008cc00000| Untracked 
|  25|0x000000008cd00000, 0x000000008cd00000, 0x000000008ce00000|  0%| F|  |TAMS 0x000000008cd00000, 0x000000008cd00000| Untracked 
|  26|0x000000008ce00000, 0x000000008ce00000, 0x000000008cf00000|  0%| F|  |TAMS 0x000000008ce00000, 0x000000008ce00000| Untracked 
|  27|0x000000008cf00000, 0x000000008cf00000, 0x000000008d000000|  0%| F|  |TAMS 0x000000008cf00000, 0x000000008cf00000| Untracked 
|  28|0x000000008d000000, 0x000000008d000000, 0x000000008d100000|  0%| F|  |TAMS 0x000000008d000000, 0x000000008d000000| Untracked 
|  29|0x000000008d100000, 0x000000008d100000, 0x000000008d200000|  0%| F|  |TAMS 0x000000008d100000, 0x000000008d100000| Untracked 
|  30|0x000000008d200000, 0x000000008d200000, 0x000000008d300000|  0%| F|  |TAMS 0x000000008d200000, 0x000000008d200000| Untracked 
|  31|0x000000008d300000, 0x000000008d300000, 0x000000008d400000|  0%| F|  |TAMS 0x000000008d300000, 0x000000008d300000| Untracked 
|  32|0x000000008d400000, 0x000000008d400000, 0x000000008d500000|  0%| F|  |TAMS 0x000000008d400000, 0x000000008d400000| Untracked 
|  33|0x000000008d500000, 0x000000008d500000, 0x000000008d600000|  0%| F|  |TAMS 0x000000008d500000, 0x000000008d500000| Untracked 
|  34|0x000000008d600000, 0x000000008d600000, 0x000000008d700000|  0%| F|  |TAMS 0x000000008d600000, 0x000000008d600000| Untracked 
|  35|0x000000008d700000, 0x000000008d700000, 0x000000008d800000|  0%| F|  |TAMS 0x000000008d700000, 0x000000008d700000| Untracked 
|  36|0x000000008d800000, 0x000000008d800000, 0x000000008d900000|  0%| F|  |TAMS 0x000000008d800000, 0x000000008d800000| Untracked 
|  37|0x000000008d900000, 0x000000008d900000, 0x000000008da00000|  0%| F|  |TAMS 0x000000008d900000, 0x000000008d900000| Untracked 
|  38|0x000000008da00000, 0x000000008da00000, 0x000000008db00000|  0%| F|  |TAMS 0x000000008da00000, 0x000000008da00000| Untracked 
|  39|0x000000008db00000, 0x000000008db00000, 0x000000008dc00000|  0%| F|  |TAMS 0x000000008db00000, 0x000000008db00000| Untracked 
|  40|0x000000008dc00000, 0x000000008dc00000, 0x000000008dd00000|  0%| F|  |TAMS 0x000000008dc00000, 0x000000008dc00000| Untracked 
|  41|0x000000008dd00000, 0x000000008dd00000, 0x000000008de00000|  0%| F|  |TAMS 0x000000008dd00000, 0x000000008dd00000| Untracked 
|  42|0x000000008de00000, 0x000000008de00000, 0x000000008df00000|  0%| F|  |TAMS 0x000000008de00000, 0x000000008de00000| Untracked 
|  43|0x000000008df00000, 0x000000008df00000, 0x000000008e000000|  0%| F|  |TAMS 0x000000008df00000, 0x000000008df00000| Untracked 
|  44|0x000000008e000000, 0x000000008e000000, 0x000000008e100000|  0%| F|  |TAMS 0x000000008e000000, 0x000000008e000000| Untracked 
|  45|0x000000008e100000, 0x000000008e100000, 0x000000008e200000|  0%| F|  |TAMS 0x000000008e100000, 0x000000008e100000| Untracked 
|  46|0x000000008e200000, 0x000000008e200000, 0x000000008e300000|  0%| F|  |TAMS 0x000000008e200000, 0x000000008e200000| Untracked 
|  47|0x000000008e300000, 0x000000008e300000, 0x000000008e400000|  0%| F|  |TAMS 0x000000008e300000, 0x000000008e300000| Untracked 
|  48|0x000000008e400000, 0x000000008e400000, 0x000000008e500000|  0%| F|  |TAMS 0x000000008e400000, 0x000000008e400000| Untracked 
|  49|0x000000008e500000, 0x000000008e500000, 0x000000008e600000|  0%| F|  |TAMS 0x000000008e500000, 0x000000008e500000| Untracked 
|  50|0x000000008e600000, 0x000000008e600000, 0x000000008e700000|  0%| F|  |TAMS 0x000000008e600000, 0x000000008e600000| Untracked 
|  51|0x000000008e700000, 0x000000008e700000, 0x000000008e800000|  0%| F|  |TAMS 0x000000008e700000, 0x000000008e700000| Untracked 
|  52|0x000000008e800000, 0x000000008e800000, 0x000000008e900000|  0%| F|  |TAMS 0x000000008e800000, 0x000000008e800000| Untracked 
|  53|0x000000008e900000, 0x000000008e900000, 0x000000008ea00000|  0%| F|  |TAMS 0x000000008e900000, 0x000000008e900000| Untracked 
|  54|0x000000008ea00000, 0x000000008ea00000, 0x000000008eb00000|  0%| F|  |TAMS 0x000000008ea00000, 0x000000008ea00000| Untracked 
|  55|0x000000008eb00000, 0x000000008eb00000, 0x000000008ec00000|  0%| F|  |TAMS 0x000000008eb00000, 0x000000008eb00000| Untracked 
|  56|0x000000008ec00000, 0x000000008ec00000, 0x000000008ed00000|  0%| F|  |TAMS 0x000000008ec00000, 0x000000008ec00000| Untracked 
|  57|0x000000008ed00000, 0x000000008ed00000, 0x000000008ee00000|  0%| F|  |TAMS 0x000000008ed00000, 0x000000008ed00000| Untracked 
|  58|0x000000008ee00000, 0x000000008ee00000, 0x000000008ef00000|  0%| F|  |TAMS 0x000000008ee00000, 0x000000008ee00000| Untracked 
|  59|0x000000008ef00000, 0x000000008ef00000, 0x000000008f000000|  0%| F|  |TAMS 0x000000008ef00000, 0x000000008ef00000| Untracked 
|  60|0x000000008f000000, 0x000000008f000000, 0x000000008f100000|  0%| F|  |TAMS 0x000000008f000000, 0x000000008f000000| Untracked 
|  61|0x000000008f100000, 0x000000008f100000, 0x000000008f200000|  0%| F|  |TAMS 0x000000008f100000, 0x000000008f100000| Untracked 
|  62|0x000000008f200000, 0x000000008f200000, 0x000000008f300000|  0%| F|  |TAMS 0x000000008f200000, 0x000000008f200000| Untracked 
|  63|0x000000008f300000, 0x000000008f300000, 0x000000008f400000|  0%| F|  |TAMS 0x000000008f300000, 0x000000008f300000| Untracked 
|  64|0x000000008f400000, 0x000000008f400000, 0x000000008f500000|  0%| F|  |TAMS 0x000000008f400000, 0x000000008f400000| Untracked 
|  65|0x000000008f500000, 0x000000008f500000, 0x000000008f600000|  0%| F|  |TAMS 0x000000008f500000, 0x000000008f500000| Untracked 
|  66|0x000000008f600000, 0x000000008f600000, 0x000000008f700000|  0%| F|  |TAMS 0x000000008f600000, 0x000000008f600000| Untracked 
|  67|0x000000008f700000, 0x000000008f700000, 0x000000008f800000|  0%| F|  |TAMS 0x000000008f700000, 0x000000008f700000| Untracked 
|  68|0x000000008f800000, 0x000000008f800000, 0x000000008f900000|  0%| F|  |TAMS 0x000000008f800000, 0x000000008f800000| Untracked 
|  69|0x000000008f900000, 0x000000008f900000, 0x000000008fa00000|  0%| F|  |TAMS 0x000000008f900000, 0x000000008f900000| Untracked 
|  70|0x000000008fa00000, 0x000000008fa00000, 0x000000008fb00000|  0%| F|  |TAMS 0x000000008fa00000, 0x000000008fa00000| Untracked 
|  71|0x000000008fb00000, 0x000000008fb00000, 0x000000008fc00000|  0%| F|  |TAMS 0x000000008fb00000, 0x000000008fb00000| Untracked 
|  72|0x000000008fc00000, 0x000000008fc00000, 0x000000008fd00000|  0%| F|  |TAMS 0x000000008fc00000, 0x000000008fc00000| Untracked 
|  73|0x000000008fd00000, 0x000000008fd00000, 0x000000008fe00000|  0%| F|  |TAMS 0x000000008fd00000, 0x000000008fd00000| Untracked 
|  74|0x000000008fe00000, 0x000000008fe00000, 0x000000008ff00000|  0%| F|  |TAMS 0x000000008fe00000, 0x000000008fe00000| Untracked 
|  75|0x000000008ff00000, 0x000000008ff00000, 0x0000000090000000|  0%| F|  |TAMS 0x000000008ff00000, 0x000000008ff00000| Untracked 
|  76|0x0000000090000000, 0x0000000090000000, 0x0000000090100000|  0%| F|  |TAMS 0x0000000090000000, 0x0000000090000000| Untracked 
|  77|0x0000000090100000, 0x0000000090100000, 0x0000000090200000|  0%| F|  |TAMS 0x0000000090100000, 0x0000000090100000| Untracked 
|  78|0x0000000090200000, 0x0000000090200000, 0x0000000090300000|  0%| F|  |TAMS 0x0000000090200000, 0x0000000090200000| Untracked 
|  79|0x0000000090300000, 0x0000000090300000, 0x0000000090400000|  0%| F|  |TAMS 0x0000000090300000, 0x0000000090300000| Untracked 
|  80|0x0000000090400000, 0x0000000090400000, 0x0000000090500000|  0%| F|  |TAMS 0x0000000090400000, 0x0000000090400000| Untracked 
|  81|0x0000000090500000, 0x0000000090500000, 0x0000000090600000|  0%| F|  |TAMS 0x0000000090500000, 0x0000000090500000| Untracked 
|  82|0x0000000090600000, 0x0000000090600000, 0x0000000090700000|  0%| F|  |TAMS 0x0000000090600000, 0x0000000090600000| Untracked 
|  83|0x0000000090700000, 0x0000000090700000, 0x0000000090800000|  0%| F|  |TAMS 0x0000000090700000, 0x0000000090700000| Untracked 
|  84|0x0000000090800000, 0x0000000090800000, 0x0000000090900000|  0%| F|  |TAMS 0x0000000090800000, 0x0000000090800000| Untracked 
|  85|0x0000000090900000, 0x0000000090900000, 0x0000000090a00000|  0%| F|  |TAMS 0x0000000090900000, 0x0000000090900000| Untracked 
|  86|0x0000000090a00000, 0x0000000090a00000, 0x0000000090b00000|  0%| F|  |TAMS 0x0000000090a00000, 0x0000000090a00000| Untracked 
|  87|0x0000000090b00000, 0x0000000090b00000, 0x0000000090c00000|  0%| F|  |TAMS 0x0000000090b00000, 0x0000000090b00000| Untracked 
|  88|0x0000000090c00000, 0x0000000090c00000, 0x0000000090d00000|  0%| F|  |TAMS 0x0000000090c00000, 0x0000000090c00000| Untracked 
|  89|0x0000000090d00000, 0x0000000090d00000, 0x0000000090e00000|  0%| F|  |TAMS 0x0000000090d00000, 0x0000000090d00000| Untracked 
|  90|0x0000000090e00000, 0x0000000090e00000, 0x0000000090f00000|  0%| F|  |TAMS 0x0000000090e00000, 0x0000000090e00000| Untracked 
|  91|0x0000000090f00000, 0x0000000090f00000, 0x0000000091000000|  0%| F|  |TAMS 0x0000000090f00000, 0x0000000090f00000| Untracked 
|  92|0x0000000091000000, 0x0000000091000000, 0x0000000091100000|  0%| F|  |TAMS 0x0000000091000000, 0x0000000091000000| Untracked 
|  93|0x0000000091100000, 0x0000000091100000, 0x0000000091200000|  0%| F|  |TAMS 0x0000000091100000, 0x0000000091100000| Untracked 
|  94|0x0000000091200000, 0x0000000091200000, 0x0000000091300000|  0%| F|  |TAMS 0x0000000091200000, 0x0000000091200000| Untracked 
|  95|0x0000000091300000, 0x0000000091300000, 0x0000000091400000|  0%| F|  |TAMS 0x0000000091300000, 0x0000000091300000| Untracked 
|  96|0x0000000091400000, 0x0000000091400000, 0x0000000091500000|  0%| F|  |TAMS 0x0000000091400000, 0x0000000091400000| Untracked 
|  97|0x0000000091500000, 0x0000000091500000, 0x0000000091600000|  0%| F|  |TAMS 0x0000000091500000, 0x0000000091500000| Untracked 
|  98|0x0000000091600000, 0x0000000091600000, 0x0000000091700000|  0%| F|  |TAMS 0x0000000091600000, 0x0000000091600000| Untracked 
|  99|0x0000000091700000, 0x0000000091700000, 0x0000000091800000|  0%| F|  |TAMS 0x0000000091700000, 0x0000000091700000| Untracked 
| 100|0x0000000091800000, 0x0000000091800000, 0x0000000091900000|  0%| F|  |TAMS 0x0000000091800000, 0x0000000091800000| Untracked 
| 101|0x0000000091900000, 0x0000000091900000, 0x0000000091a00000|  0%| F|  |TAMS 0x0000000091900000, 0x0000000091900000| Untracked 
| 102|0x0000000091a00000, 0x0000000091a00000, 0x0000000091b00000|  0%| F|  |TAMS 0x0000000091a00000, 0x0000000091a00000| Untracked 
| 103|0x0000000091b00000, 0x0000000091b00000, 0x0000000091c00000|  0%| F|  |TAMS 0x0000000091b00000, 0x0000000091b00000| Untracked 
| 104|0x0000000091c00000, 0x0000000091c00000, 0x0000000091d00000|  0%| F|  |TAMS 0x0000000091c00000, 0x0000000091c00000| Untracked 
| 105|0x0000000091d00000, 0x0000000091d00000, 0x0000000091e00000|  0%| F|  |TAMS 0x0000000091d00000, 0x0000000091d00000| Untracked 
| 106|0x0000000091e00000, 0x0000000091e00000, 0x0000000091f00000|  0%| F|  |TAMS 0x0000000091e00000, 0x0000000091e00000| Untracked 
| 107|0x0000000091f00000, 0x0000000091f00000, 0x0000000092000000|  0%| F|  |TAMS 0x0000000091f00000, 0x0000000091f00000| Untracked 
| 108|0x0000000092000000, 0x0000000092000000, 0x0000000092100000|  0%| F|  |TAMS 0x0000000092000000, 0x0000000092000000| Untracked 
| 109|0x0000000092100000, 0x0000000092100000, 0x0000000092200000|  0%| F|  |TAMS 0x0000000092100000, 0x0000000092100000| Untracked 
| 110|0x0000000092200000, 0x0000000092200000, 0x0000000092300000|  0%| F|  |TAMS 0x0000000092200000, 0x0000000092200000| Untracked 
| 111|0x0000000092300000, 0x0000000092300000, 0x0000000092400000|  0%| F|  |TAMS 0x0000000092300000, 0x0000000092300000| Untracked 
| 112|0x0000000092400000, 0x0000000092400000, 0x0000000092500000|  0%| F|  |TAMS 0x0000000092400000, 0x0000000092400000| Untracked 
| 113|0x0000000092500000, 0x0000000092500000, 0x0000000092600000|  0%| F|  |TAMS 0x0000000092500000, 0x0000000092500000| Untracked 
| 114|0x0000000092600000, 0x0000000092600000, 0x0000000092700000|  0%| F|  |TAMS 0x0000000092600000, 0x0000000092600000| Untracked 
| 115|0x0000000092700000, 0x0000000092776460, 0x0000000092800000| 46%| E|  |TAMS 0x0000000092700000, 0x0000000092700000| Complete 
| 116|0x0000000092800000, 0x0000000092900000, 0x0000000092900000|100%| E|CS|TAMS 0x0000000092800000, 0x0000000092800000| Complete 
| 117|0x0000000092900000, 0x0000000092a00000, 0x0000000092a00000|100%| E|CS|TAMS 0x0000000092900000, 0x0000000092900000| Complete 
|1866|0x00000000ffe00000, 0x00000000ffe76000, 0x00000000fff00000| 46%|OA|  |TAMS 0x00000000ffe00000, 0x00000000ffe00000| Untracked 
|1867|0x00000000fff00000, 0x00000000fff82000, 0x0000000100000000| 50%|CA|  |TAMS 0x00000000fff00000, 0x00000000fff00000| Untracked 

Card table byte_map: [0x00007f69e5fcd000,0x00007f69e6373000] _byte_map_base: 0x00007f69e5b73000

Marking Bits (Prev, Next): (CMBitMap*) 0x00007f69e006d6b0, (CMBitMap*) 0x00007f69e006d6f0
 Prev Bits: [0x00007f69c788d000, 0x00007f69c95bd000)
 Next Bits: [0x00007f69c5b5d000, 0x00007f69c788d000)

Polling page: 0x00007f69e8b5a000

Metaspace:

Usage:
  Non-class:    746.49 KB used.
      Class:     64.63 KB used.
       Both:    811.12 KB used.

Virtual space:
  Non-class space:       64.00 MB reserved,     832.00 KB (  1%) committed,  1 nodes.
      Class space:        1.00 GB reserved,     128.00 KB ( <1%) committed,  1 nodes.
             Both:        1.06 GB reserved,     960.00 KB ( <1%) committed. 

Chunk freelists:
   Non-Class:  11.92 MB
       Class:  15.73 MB
        Both:  27.65 MB

MaxMetaspaceSize: unlimited
CompressedClassSpaceSize: 1.00 GB
Initial GC threshold: 21.00 MB
Current GC threshold: 21.00 MB
CDS: on
MetaspaceReclaimPolicy: balanced
 - commit_granule_bytes: 65536.
 - commit_granule_words: 8192.
 - virtual_space_node_default_size: 8388608.
 - enlarge_chunks_in_place: 1.
 - new_chunks_are_fully_committed: 0.
 - uncommit_free_chunks: 1.
 - use_allocation_guard: 0.
 - handle_deallocations: 1.


Internal statistics:

num_allocs_failed_limit: 0.
num_arena_births: 10.
num_arena_deaths: 0.
num_vsnodes_births: 2.
num_vsnodes_deaths: 0.
num_space_committed: 15.
num_space_uncommitted: 0.
num_chunks_returned_to_freelist: 0.
num_chunks_taken_from_freelist: 19.
num_chunk_merges: 0.
num_chunk_splits: 11.
num_chunks_enlarged: 6.
num_inconsistent_stats: 0.

CodeHeap 'non-profiled nmethods': size=120028Kb used=59Kb max_used=59Kb free=119968Kb
 bounds [0x00007f69d1086000, 0x00007f69d12f6000, 0x00007f69d85bd000]
CodeHeap 'profiled nmethods': size=120028Kb used=209Kb max_used=209Kb free=119818Kb
 bounds [0x00007f69c95bd000, 0x00007f69c982d000, 0x00007f69d0af4000]
CodeHeap 'non-nmethods': size=5704Kb used=1123Kb max_used=1136Kb free=4580Kb
 bounds [0x00007f69d0af4000, 0x00007f69d0d64000, 0x00007f69d1086000]
 total_blobs=588 nmethods=191 adapters=311
 compilation: enabled
              stopped_count=0, restarted_count=0
 full_count=0

Compilation events (20 events):
Event: 0.087 Thread 0x00007f69e012c9f0  180       3       java.lang.StringLatin1::indexOf (36 bytes)
Event: 0.088 Thread 0x00007f69e012c9f0 nmethod 180 0x00007f69c95edc90 code [0x00007f69c95ede60, 0x00007f69c95ee290]
Event: 0.088 Thread 0x00007f69e012c9f0  181       3       java.lang.AbstractStringBuilder::newCapacity (59 bytes)
Event: 0.088 Thread 0x00007f69e012c9f0 nmethod 181 0x00007f69c95ee410 code [0x00007f69c95ee5e0, 0x00007f69c95ee9d0]
Event: 0.088 Thread 0x00007f69e012c9f0  182       3       java.lang.StringLatin1::lastIndexOf (40 bytes)
Event: 0.088 Thread 0x00007f69e012c9f0 nmethod 182 0x00007f69c95eeb90 code [0x00007f69c95eed60, 0x00007f69c95ef150]
Event: 0.088 Thread 0x00007f69e012c9f0  183       3       java.lang.String::startsWith (138 bytes)
Event: 0.089 Thread 0x00007f69e012c9f0 nmethod 183 0x00007f69c95ef290 code [0x00007f69c95ef4c0, 0x00007f69c95efd50]
Event: 0.091 Thread 0x00007f69e012c9f0  184       3       java.lang.StringLatin1::indexOf (121 bytes)
Event: 0.091 Thread 0x00007f69e012c9f0 nmethod 184 0x00007f69c95f0010 code [0x00007f69c95f01e0, 0x00007f69c95f06f0]
Event: 0.092 Thread 0x00007f69e012c9f0  185       3       java.lang.CharacterDataLatin1::getProperties (11 bytes)
Event: 0.093 Thread 0x00007f69e012c9f0 nmethod 185 0x00007f69c95f0990 code [0x00007f69c95f0b20, 0x00007f69c95f0c50]
Event: 0.093 Thread 0x00007f69e012c9f0  187       1       java.lang.invoke.MethodType::ptypes (5 bytes)
Event: 0.093 Thread 0x00007f69e012c9f0 nmethod 187 0x00007f69d1094190 code [0x00007f69d1094320, 0x00007f69d10943f0]
Event: 0.094 Thread 0x00007f69e012c9f0  188       3       java.lang.invoke.MethodType$ConcurrentWeakInternSet::expungeStaleElements (27 bytes)
Event: 0.095 Thread 0x00007f69e012c9f0 nmethod 188 0x00007f69c95f0d10 code [0x00007f69c95f0ee0, 0x00007f69c95f13b0]
Event: 0.095 Thread 0x00007f69e012c9f0  189       1       java.lang.Class::getModule (5 bytes)
Event: 0.095 Thread 0x00007f69e012c9f0 nmethod 189 0x00007f69d1094490 code [0x00007f69d1094620, 0x00007f69d10946f0]
Event: 0.095 Thread 0x00007f69e012b4c0  190       4       java.lang.String::charAt (25 bytes)
Event: 0.096 Thread 0x00007f69e012b4c0 nmethod 190 0x00007f69d1094790 code [0x00007f69d1094920, 0x00007f69d10949f8]

GC Heap History (0 events):
No events

Dll operation events (9 events):
Event: 0.003 Loaded shared library /usr/lib/jvm/java-17-openjdk-amd64/lib/libjava.so
Event: 0.012 Loaded shared library /usr/lib/jvm/java-17-openjdk-amd64/lib/libjsvml.so
Event: 0.068 Loaded shared library /usr/lib/jvm/java-17-openjdk-amd64/lib/libzip.so
Event: 0.070 Loaded shared library /usr/lib/jvm/java-17-openjdk-amd64/lib/libinstrument.so
Event: 0.073 Loaded shared library /usr/lib/jvm/java-17-openjdk-amd64/lib/libnio.so
Event: 0.079 Loaded shared library /usr/lib/jvm/java-17-openjdk-amd64/lib/libzip.so
Event: 0.085 Loaded shared library /usr/lib/jvm/java-17-openjdk-amd64/lib/libnet.so
Event: 0.091 Loaded shared library /tmp/jSerialComm/2.10.3/libjSerialComm.so
Event: 0.091 Loaded shared library /usr/lib/jvm/java-17-openjdk-amd64/lib/libextnet.so

Deoptimization events (4 events):
Event: 0.078 Thread 0x00007f69e0015850 Uncommon trap: trap_request=0xfffffff4 fr.pc=0x00007f69d1090d44 relative=0x00000000000001a4
Event: 0.078 Thread 0x00007f69e0015850 Uncommon trap: reason=null_check action=make_not_entrant pc=0x00007f69d1090d44 method=java.lang.String.equals(Ljava/lang/Object;)Z @ 8 c2
Event: 0.078 Thread 0x00007f69e0015850 DEOPT PACKING pc=0x00007f69d1090d44 sp=0x00007f69e723c2b0
Event: 0.078 Thread 0x00007f69e0015850 DEOPT UNPACKING pc=0x00007f69d0b4db19 sp=0x00007f69e723c278 mode 2

Classes unloaded (0 events):
No events

Classes redefined (0 events):
No events

Internal exceptions (3 events):
Event: 0.078 Thread 0x00007f69e0015850 Implicit null exception at 0x00007f69d1090bd5 to 0x00007f69d1090d34
Event: 0.087 Thread 0x00007f69e01cf950 Exception <a 'java/lang/NoSuchMethodError'{0x00000000928f0390}: 'java.lang.Object java.lang.invoke.DirectMethodHandle$Holder.invokeStaticInit(java.lang.Object)'> (0x00000000928f0390) 
thrown [./src/hotspot/share/interpreter/linkResolver.cpp, line 758]
Event: 0.093 Thread 0x00007f69e01cf950 Exception <a 'java/lang/NoSuchMethodError'{0x00000000928fea48}: 'void java.lang.invoke.DirectMethodHandle$Holder.invokeStatic(java.lang.Object, java.lang.Object)'> (0x00000000928fea48) 
thrown [./src/hotspot/share/interpreter/linkResolver.cpp, line 758]

VM Operations (4 events):
Event: 0.047 Executing VM operation: HandshakeAllThreads
Event: 0.047 Executing VM operation: HandshakeAllThreads done
Event: 0.085 Executing VM operation: HandshakeAllThreads
Event: 0.086 Executing VM operation: HandshakeAllThreads done

Events (20 events):
Event: 0.096 loading class java/io/BufferedReader
Event: 0.096 loading class java/io/BufferedReader done
Event: 0.096 loading class java/net/Socket$SocketInputStream
Event: 0.096 loading class java/net/Socket$SocketInputStream done
Event: 0.096 loading class sun/nio/ch/NioSocketImpl$1
Event: 0.096 loading class sun/nio/ch/NioSocketImpl$1 done
Event: 0.096 loading class sun/nio/cs/StreamDecoder
Event: 0.096 loading class sun/nio/cs/StreamDecoder done
Event: 0.097 loading class sun/nio/cs/US_ASCII$Decoder
Event: 0.097 loading class java/nio/charset/CharsetDecoder
Event: 0.097 loading class java/nio/charset/CharsetDecoder done
Event: 0.097 loading class sun/nio/cs/US_ASCII$Decoder done
Event: 0.097 loading class sun/nio/ch/Util
Event: 0.097 loading class sun/nio/ch/Util done
Event: 0.097 loading class sun/nio/ch/Util$1
Event: 0.097 loading class sun/nio/ch/Util$1 done
Event: 0.097 loading class sun/nio/ch/Util$BufferCache
Event: 0.097 loading class sun/nio/ch/Util$BufferCache done
Event: 0.097 loading class java/nio/DirectByteBuffer$Deallocator
Event: 0.097 loading class java/nio/DirectByteBuffer$Deallocator done


Dynamic libraries:
8b400000-92a00000 rw-p 00000000 00:00 0 
92a00000-ffe00000 ---p 00000000 00:00 0 
ffe00000-ffe76000 rw-p 00c9d000 08:06 1576316                            /usr/lib/jvm/java-17-openjdk-amd64/lib/server/classes.jsa
ffe76000-fff00000 rw-p 00000000 00:00 0 
fff00000-fff82000 rw-p 00c1b000 08:06 1576316                            /usr/lib/jvm/java-17-openjdk-amd64/lib/server/classes.jsa
fff82000-100000000 rw-p 00000000 00:00 0 
800000000-800458000 rw-p 00001000 08:06 1576316                          /usr/lib/jvm/java-17-openjdk-amd64/lib/server/classes.jsa
800458000-800be2000 r--p 00459000 08:06 1576316                          /usr/lib/jvm/java-17-openjdk-amd64/lib/server/classes.jsa
800be2000-801000000 ---p 00000000 00:00 0 
801000000-801010000 rw-p 00000000 00:00 0 
801010000-801040000 ---p 00000000 00:00 0 
801040000-801050000 rw-p 00000000 00:00 0 
801050000-841000000 ---p 00000000 00:00 0 
55d5c7948000-55d5c7949000 r--p 00000000 08:06 1443713                    /usr/lib/jvm/java-17-openjdk-amd64/bin/java
55d5c7949000-55d5c794a000 r-xp 00001000 08:06 1443713                    /usr/lib/jvm/java-17-openjdk-amd64/bin/java
55d5c794a000-55d5c794b000 r--p 00002000 08:06 1443713                    /usr/lib/jvm/java-17-openjdk-amd64/bin/java
55d5c794b000-55d5c794c000 r--p 00002000 08:06 1443713                    /usr/lib/jvm/java-17-openjdk-amd64/bin/java
55d5c794c000-55d5c794d000 rw-p 00003000 08:06 1443713                    /usr/lib/jvm/java-17-openjdk-amd64/bin/java
55d5c80fd000-55d5c8144000 rw-p 00000000 00:00 0                          [heap]
7f6974000000-7f6974021000 rw-p 00000000 00:00 0 
7f6974021000-7f6978000000 ---p 00000000 00:00 0 
7f6978000000-7f6978021000 rw-p 00000000 00:00 0 
7f6978021000-7f697c000000 ---p 00000000 00:00 0 
7f697c000000-7f697c021000 rw-p 00000000 00:00 0 
7f697c021000-7f6980000000 ---p 00000000 00:00 0 
7f6980000000-7f6980021000 rw-p 00000000 00:00 0 
7f6980021000-7f6984000000 ---p 00000000 00:00 0 
7f6984000000-7f69840ba000 rw-p 00000000 00:00 0 
7f69840ba000-7f6988000000 ---p 00000000 00:00 0 
7f6988000000-7f6988021000 rw-p 00000000 00:00 0 
7f6988021000-7f698c000000 ---p 00000000 00:00 0 
7f698c000000-7f698c021000 rw-p 00000000 00:00 0 
7f698c021000-7f6990000000 ---p 00000000 00:00 0 
7f6990000000-7f6990105000 rw-p 00000000 00:00 0 
7f6990105000-7f6994000000 ---p 00000000 00:00 0 
7f6994000000-7f6994021000 rw-p 00000000 00:00 0 
7f6994021000-7f6998000000 ---p 00000000 00:00 0 
7f6998000000-7f6998021000 rw-p 00000000 00:00 0 
7f6998021000-7f699c000000 ---p 00000000 00:00 0 
7f699c000000-7f699c021000 rw-p 00000000 00:00 0 
7f699c021000-7f69a0000000 ---p 00000000 00:00 0 
7f69a0000000-7f69a0021000 rw-p 00000000 00:00 0 
7f69a0021000-7f69a4000000 ---p 00000000 00:00 0 
7f69a4000000-7f69a4021000 rw-p 00000000 00:00 0 
7f69a4021000-7f69a8000000 ---p 00000000 00:00 0 
7f69a8000000-7f69a8021000 rw-p 00000000 00:00 0 
7f69a8021000-7f69ac000000 ---p 00000000 00:00 0 
7f69ac000000-7f69ac0b0000 rw-p 00000000 00:00 0 
7f69ac0b0000-7f69ac400000 ---p 00000000 00:00 0 
7f69ac400000-7f69ac420000 rw-p 00000000 00:00 0 
7f69ac420000-7f69b0000000 ---p 00000000 00:00 0 
7f69b0000000-7f69b0021000 rw-p 00000000 00:00 0 
7f69b0021000-7f69b4000000 ---p 00000000 00:00 0 
7f69b6000000-7f69b8000000 rw-p 00000000 00:00 0 
7f69b8000000-7f69b8021000 rw-p 00000000 00:00 0 
7f69b8021000-7f69bc000000 ---p 00000000 00:00 0 
7f69bc000000-7f69bc021000 rw-p 00000000 00:00 0 
7f69bc021000-7f69c0000000 ---p 00000000 00:00 0 
7f69c0000000-7f69c0021000 rw-p 00000000 00:00 0 
7f69c0021000-7f69c4000000 ---p 00000000 00:00 0 
7f69c45bc000-7f69c49a3000 rw-p 00000000 00:00 0 
7f69c49a3000-7f69c49a4000 ---p 00000000 00:00 0 
7f69c49a4000-7f69c4aa5000 rw-p 00000000 00:00 0 
7f69c4aa5000-7f69c5b5d000 r--p 00000000 08:06 1316276                    /usr/lib/locale/locale-archive
7f69c5b5d000-7f69c5d35000 rw-p 00000000 00:00 0 
7f69c5d35000-7f69c7885000 ---p 00000000 00:00 0 
7f69c7885000-7f69c7a65000 rw-p 00000000 00:00 0 
7f69c7a65000-7f69c95b5000 ---p 00000000 00:00 0 
7f69c95b5000-7f69c95bd000 rw-p 00000000 00:00 0 
7f69c95bd000-7f69c982d000 rwxp 00000000 00:00 0 
7f69c982d000-7f69d0af4000 ---p 00000000 00:00 0 
7f69d0af4000-7f69d0d64000 rwxp 00000000 00:00 0 
7f69d0d64000-7f69d1086000 ---p 00000000 00:00 0 
7f69d1086000-7f69d12f6000 rwxp 00000000 00:00 0 
7f69d12f6000-7f69d85bd000 ---p 00000000 00:00 0 
7f69d85bd000-7f69e0000000 r--s 00000000 08:06 1449209                    /usr/lib/jvm/java-17-openjdk-amd64/lib/modules
7f69e0000000-7f69e01ec000 rw-p 00000000 00:00 0 
7f69e01ec000-7f69e4000000 ---p 00000000 00:00 0 
7f69e405a000-7f69e4061000 r--s 00000000 08:06 1967158                    /usr/lib/x86_64-linux-gnu/gconv/gconv-modules.cache
7f69e4061000-7f69e4062000 r--p 00000000 08:06 1446421                    /usr/lib/jvm/java-17-openjdk-amd64/lib/libextnet.so
7f69e4062000-7f69e4063000 r-xp 00001000 08:06 1446421                    /usr/lib/jvm/java-17-openjdk-amd64/lib/libextnet.so
7f69e4063000-7f69e4064000 r--p 00002000 08:06 1446421                    /usr/lib/jvm/java-17-openjdk-amd64/lib/libextnet.so
7f69e4064000-7f69e4065000 r--p 00002000 08:06 1446421                    /usr/lib/jvm/java-17-openjdk-amd64/lib/libextnet.so
7f69e4065000-7f69e4066000 rw-p 00003000 08:06 1446421                    /usr/lib/jvm/java-17-openjdk-amd64/lib/libextnet.so
7f69e4066000-7f69e406a000 r--p 00000000 08:06 2234680                    /tmp/jSerialComm/2.10.3/libjSerialComm.so (deleted)
7f69e406a000-7f69e406f000 r-xp 00004000 08:06 2234680                    /tmp/jSerialComm/2.10.3/libjSerialComm.so (deleted)
7f69e406f000-7f69e4070000 r--p 00009000 08:06 2234680                    /tmp/jSerialComm/2.10.3/libjSerialComm.so (deleted)
7f69e4070000-7f69e4071000 ---p 0000a000 08:06 2234680                    /tmp/jSerialComm/2.10.3/libjSerialComm.so (deleted)
7f69e4071000-7f69e4072000 r--p 0000a000 08:06 2234680                    /tmp/jSerialComm/2.10.3/libjSerialComm.so (deleted)
7f69e4072000-7f69e4073000 rw-p 0000b000 08:06 2234680                    /tmp/jSerialComm/2.10.3/libjSerialComm.so (deleted)
7f69e4073000-7f69e4077000 ---p 00000000 00:00 0 
7f69e4077000-7f69e4173000 rw-p 00000000 00:00 0 
7f69e4173000-7f69e4177000 ---p 00000000 00:00 0 
7f69e4177000-7f69e4273000 rw-p 00000000 00:00 0 
7f69e4273000-7f69e4277000 r--p 00000000 08:06 1449200                    /usr/lib/jvm/java-17-openjdk-amd64/lib/libnet.so
7f69e4277000-7f69e4285000 r-xp 00004000 08:06 1449200                    /usr/lib/jvm/java-17-openjdk-amd64/lib/libnet.so
7f69e4285000-7f69e4289000 r--p 00012000 08:06 1449200                    /usr/lib/jvm/java-17-openjdk-amd64/lib/libnet.so
7f69e4289000-7f69e428a000 r--p 00015000 08:06 1449200                    /usr/lib/jvm/java-17-openjdk-amd64/lib/libnet.so
7f69e428a000-7f69e428b000 rw-p 00016000 08:06 1449200                    /usr/lib/jvm/java-17-openjdk-amd64/lib/libnet.so
7f69e428b000-7f69e4291000 r--p 00000000 08:06 1449201                    /usr/lib/jvm/java-17-openjdk-amd64/lib/libnio.so
7f69e4291000-7f69e429a000 r-xp 00006000 08:06 1449201                    /usr/lib/jvm/java-17-openjdk-amd64/lib/libnio.so
7f69e429a000-7f69e429e000 r--p 0000f000 08:06 1449201                    /usr/lib/jvm/java-17-openjdk-amd64/lib/libnio.so
7f69e429e000-7f69e429f000 ---p 00013000 08:06 1449201                    /usr/lib/jvm/java-17-openjdk-amd64/lib/libnio.so
7f69e429f000-7f69e42a0000 r--p 00013000 08:06 1449201                    /usr/lib/jvm/java-17-openjdk-amd64/lib/libnio.so
7f69e42a0000-7f69e42a1000 rw-p 00014000 08:06 1449201                    /usr/lib/jvm/java-17-openjdk-amd64/lib/libnio.so
7f69e42a1000-7f69e42a3000 r--p 00000000 08:06 1449208                    /usr/lib/jvm/java-17-openjdk-amd64/lib/libzip.so
7f69e42a3000-7f69e42a8000 r-xp 00002000 08:06 1449208                    /usr/lib/jvm/java-17-openjdk-amd64/lib/libzip.so
7f69e42a8000-7f69e42aa000 r--p 00007000 08:06 1449208                    /usr/lib/jvm/java-17-openjdk-amd64/lib/libzip.so
7f69e42aa000-7f69e42ab000 r--p 00008000 08:06 1449208                    /usr/lib/jvm/java-17-openjdk-amd64/lib/libzip.so
7f69e42ab000-7f69e42ac000 rw-p 00009000 08:06 1449208                    /usr/lib/jvm/java-17-openjdk-amd64/lib/libzip.so
7f69e42ac000-7f69e42b0000 ---p 00000000 00:00 0 
7f69e42b0000-7f69e43ac000 rw-p 00000000 00:00 0 
7f69e43ac000-7f69e43b0000 ---p 00000000 00:00 0 
7f69e43b0000-7f69e44ac000 rw-p 00000000 00:00 0 
7f69e44ac000-7f69e44b0000 ---p 00000000 00:00 0 
7f69e44b0000-7f69e45ac000 rw-p 00000000 00:00 0 
7f69e45ac000-7f69e45b0000 ---p 00000000 00:00 0 
7f69e45b0000-7f69e46ac000 rw-p 00000000 00:00 0 
7f69e46ac000-7f69e46b0000 ---p 00000000 00:00 0 
7f69e46b0000-7f69e47ac000 rw-p 00000000 00:00 0 
7f69e47ac000-7f69e47b0000 ---p 00000000 00:00 0 
7f69e47b0000-7f69e48ac000 rw-p 00000000 00:00 0 
7f69e48ac000-7f69e48b0000 ---p 00000000 00:00 0 
7f69e48b0000-7f69e49ac000 rw-p 00000000 00:00 0 
7f69e49ac000-7f69e49b0000 ---p 00000000 00:00 0 
7f69e49b0000-7f69e4aac000 rw-p 00000000 00:00 0 
7f69e4aac000-7f69e4ab0000 ---p 00000000 00:00 0 
7f69e4ab0000-7f69e4bac000 rw-p 00000000 00:00 0 
7f69e4bac000-7f69e4bad000 ---p 00000000 00:00 0 
7f69e4bad000-7f69e4cae000 rw-p 00000000 00:00 0 
7f69e4cae000-7f69e4cb3000 r--p 00000000 08:06 1446437                    /usr/lib/jvm/java-17-openjdk-amd64/lib/libjsvml.so
7f69e4cb3000-7f69e4cf4000 r-xp 00005000 08:06 1446437                    /usr/lib/jvm/java-17-openjdk-amd64/lib/libjsvml.so
7f69e4cf4000-7f69e4d7d000 r--p 00046000 08:06 1446437                    /usr/lib/jvm/java-17-openjdk-amd64/lib/libjsvml.so
7f69e4d7d000-7f69e4d7e000 r--p 000ce000 08:06 1446437                    /usr/lib/jvm/java-17-openjdk-amd64/lib/libjsvml.so
7f69e4d7e000-7f69e4d7f000 rw-p 000cf000 08:06 1446437                    /usr/lib/jvm/java-17-openjdk-amd64/lib/libjsvml.so
7f69e4d7f000-7f69e4e9c000 rw-p 00000000 00:00 0 
7f69e4e9c000-7f69e4e9d000 ---p 00000000 00:00 0 
7f69e4e9d000-7f69e4f9e000 rw-p 00000000 00:00 0 
7f69e4f9e000-7f69e4f9f000 ---p 00000000 00:00 0 
7f69e4f9f000-7f69e58a8000 rw-p 00000000 00:00 0 
7f69e58a8000-7f69e58a9000 ---p 00000000 00:00 0 
7f69e58a9000-7f69e59aa000 rw-p 00000000 00:00 0 
7f69e59aa000-7f69e59ab000 ---p 00000000 00:00 0 
7f69e59ab000-7f69e5aac000 rw-p 00000000 00:00 0 
7f69e5aac000-7f69e5aad000 ---p 00000000 00:00 0 
7f69e5aad000-7f69e5c62000 rw-p 00000000 00:00 0 
7f69e5c62000-7f69e5fcc000 ---p 00000000 00:00 0 
7f69e5fcc000-7f69e6008000 rw-p 00000000 00:00 0 
7f69e6008000-7f69e6372000 ---p 00000000 00:00 0 
7f69e6372000-7f69e63ae000 rw-p 00000000 00:00 0 
7f69e63ae000-7f69e6718000 ---p 00000000 00:00 0 
7f69e6718000-7f69e6f26000 rw-p 00000000 00:00 0 
7f69e6f26000-7f69e700c000 ---p 00000000 00:00 0 
7f69e700c000-7f69e7011000 rw-p 00000000 00:00 0 
7f69e7011000-7f69e70f7000 ---p 00000000 00:00 0 
7f69e70f7000-7f69e70fc000 rw-p 00000000 00:00 0 
7f69e70fc000-7f69e7103000 ---p 00000000 00:00 0 
7f69e7103000-7f69e710b000 rw-s 00000000 08:06 2234670                    /tmp/hsperfdata_mamad/235153
7f69e710b000-7f69e7117000 r--p 00000000 08:06 1446428                    /usr/lib/jvm/java-17-openjdk-amd64/lib/libjava.so
7f69e7117000-7f69e712a000 r-xp 0000c000 08:06 1446428                    /usr/lib/jvm/java-17-openjdk-amd64/lib/libjava.so
7f69e712a000-7f69e7130000 r--p 0001f000 08:06 1446428                    /usr/lib/jvm/java-17-openjdk-amd64/lib/libjava.so
7f69e7130000-7f69e7131000 r--p 00024000 08:06 1446428                    /usr/lib/jvm/java-17-openjdk-amd64/lib/libjava.so
7f69e7131000-7f69e7132000 rw-p 00025000 08:06 1446428                    /usr/lib/jvm/java-17-openjdk-amd64/lib/libjava.so
7f69e7132000-7f69e7133000 rw-p 00000000 00:00 0 
7f69e7133000-7f69e7134000 r--p 00000000 08:06 1446423                    /usr/lib/jvm/java-17-openjdk-amd64/lib/libinstrument.so
7f69e7134000-7f69e713a000 r-xp 00001000 08:06 1446423                    /usr/lib/jvm/java-17-openjdk-amd64/lib/libinstrument.so
7f69e713a000-7f69e713d000 r--p 00007000 08:06 1446423                    /usr/lib/jvm/java-17-openjdk-amd64/lib/libinstrument.so
7f69e713d000-7f69e713e000 r--p 00009000 08:06 1446423                    /usr/lib/jvm/java-17-openjdk-amd64/lib/libinstrument.so
7f69e713e000-7f69e713f000 rw-p 0000a000 08:06 1446423                    /usr/lib/jvm/java-17-openjdk-amd64/lib/libinstrument.so
7f69e713f000-7f69e7143000 ---p 00000000 00:00 0 
7f69e7143000-7f69e723f000 rw-p 00000000 00:00 0 
7f69e723f000-7f69e7242000 r--p 00000000 08:06 1316616                    /usr/lib/x86_64-linux-gnu/libgcc_s.so.1
7f69e7242000-7f69e7259000 r-xp 00003000 08:06 1316616                    /usr/lib/x86_64-linux-gnu/libgcc_s.so.1
7f69e7259000-7f69e725d000 r--p 0001a000 08:06 1316616                    /usr/lib/x86_64-linux-gnu/libgcc_s.so.1
7f69e725d000-7f69e725e000 r--p 0001d000 08:06 1316616                    /usr/lib/x86_64-linux-gnu/libgcc_s.so.1
7f69e725e000-7f69e725f000 rw-p 0001e000 08:06 1316616                    /usr/lib/x86_64-linux-gnu/libgcc_s.so.1
7f69e725f000-7f69e726d000 r--p 00000000 08:06 1317722                    /usr/lib/x86_64-linux-gnu/libm.so.6
7f69e726d000-7f69e72e9000 r-xp 0000e000 08:06 1317722                    /usr/lib/x86_64-linux-gnu/libm.so.6
7f69e72e9000-7f69e7344000 r--p 0008a000 08:06 1317722                    /usr/lib/x86_64-linux-gnu/libm.so.6
7f69e7344000-7f69e7345000 r--p 000e4000 08:06 1317722                    /usr/lib/x86_64-linux-gnu/libm.so.6
7f69e7345000-7f69e7346000 rw-p 000e5000 08:06 1317722                    /usr/lib/x86_64-linux-gnu/libm.so.6
7f69e7346000-7f69e73e0000 r--p 00000000 08:06 1316612                    /usr/lib/x86_64-linux-gnu/libstdc++.so.6.0.30
7f69e73e0000-7f69e74f1000 r-xp 0009a000 08:06 1316612                    /usr/lib/x86_64-linux-gnu/libstdc++.so.6.0.30
7f69e74f1000-7f69e7560000 r--p 001ab000 08:06 1316612                    /usr/lib/x86_64-linux-gnu/libstdc++.so.6.0.30
7f69e7560000-7f69e7561000 ---p 0021a000 08:06 1316612                    /usr/lib/x86_64-linux-gnu/libstdc++.so.6.0.30
7f69e7561000-7f69e756c000 r--p 0021a000 08:06 1316612                    /usr/lib/x86_64-linux-gnu/libstdc++.so.6.0.30
7f69e756c000-7f69e756f000 rw-p 00225000 08:06 1316612                    /usr/lib/x86_64-linux-gnu/libstdc++.so.6.0.30
7f69e756f000-7f69e7572000 rw-p 00000000 00:00 0 
7f69e7572000-7f69e77c2000 r--p 00000000 08:06 1576319                    /usr/lib/jvm/java-17-openjdk-amd64/lib/server/libjvm.so
7f69e77c2000-7f69e8546000 r-xp 00250000 08:06 1576319                    /usr/lib/jvm/java-17-openjdk-amd64/lib/server/libjvm.so
7f69e8546000-7f69e87c9000 r--p 00fd4000 08:06 1576319                    /usr/lib/jvm/java-17-openjdk-amd64/lib/server/libjvm.so
7f69e87c9000-7f69e8881000 r--p 01256000 08:06 1576319                    /usr/lib/jvm/java-17-openjdk-amd64/lib/server/libjvm.so
7f69e8881000-7f69e88b6000 rw-p 0130e000 08:06 1576319                    /usr/lib/jvm/java-17-openjdk-amd64/lib/server/libjvm.so
7f69e88b6000-7f69e8912000 rw-p 00000000 00:00 0 
7f69e8912000-7f69e8914000 r--p 00000000 08:06 1318425                    /usr/lib/x86_64-linux-gnu/libz.so.1.2.11
7f69e8914000-7f69e8925000 r-xp 00002000 08:06 1318425                    /usr/lib/x86_64-linux-gnu/libz.so.1.2.11
7f69e8925000-7f69e892b000 r--p 00013000 08:06 1318425                    /usr/lib/x86_64-linux-gnu/libz.so.1.2.11
7f69e892b000-7f69e892c000 ---p 00019000 08:06 1318425                    /usr/lib/x86_64-linux-gnu/libz.so.1.2.11
7f69e892c000-7f69e892d000 r--p 00019000 08:06 1318425                    /usr/lib/x86_64-linux-gnu/libz.so.1.2.11
7f69e892d000-7f69e892e000 rw-p 0001a000 08:06 1318425                    /usr/lib/x86_64-linux-gnu/libz.so.1.2.11
7f69e892e000-7f69e8956000 r--p 00000000 08:06 1317071                    /usr/lib/x86_64-linux-gnu/libc.so.6
7f69e8956000-7f69e8aeb000 r-xp 00028000 08:06 1317071                    /usr/lib/x86_64-linux-gnu/libc.so.6
7f69e8aeb000-7f69e8b43000 r--p 001bd000 08:06 1317071                    /usr/lib/x86_64-linux-gnu/libc.so.6
7f69e8b43000-7f69e8b47000 r--p 00214000 08:06 1317071                    /usr/lib/x86_64-linux-gnu/libc.so.6
7f69e8b47000-7f69e8b49000 rw-p 00218000 08:06 1317071                    /usr/lib/x86_64-linux-gnu/libc.so.6
7f69e8b49000-7f69e8b56000 rw-p 00000000 00:00 0 
7f69e8b5a000-7f69e8b5b000 ---p 00000000 00:00 0 
7f69e8b5b000-7f69e8b5c000 r--p 00000000 00:00 0 
7f69e8b5c000-7f69e8b5e000 r--p 00000000 08:06 1446432                    /usr/lib/jvm/java-17-openjdk-amd64/lib/libjimage.so
7f69e8b5e000-7f69e8b61000 r-xp 00002000 08:06 1446432                    /usr/lib/jvm/java-17-openjdk-amd64/lib/libjimage.so
7f69e8b61000-7f69e8b62000 r--p 00005000 08:06 1446432                    /usr/lib/jvm/java-17-openjdk-amd64/lib/libjimage.so
7f69e8b62000-7f69e8b63000 ---p 00006000 08:06 1446432                    /usr/lib/jvm/java-17-openjdk-amd64/lib/libjimage.so
7f69e8b63000-7f69e8b64000 r--p 00006000 08:06 1446432                    /usr/lib/jvm/java-17-openjdk-amd64/lib/libjimage.so
7f69e8b64000-7f69e8b65000 rw-p 00007000 08:06 1446432                    /usr/lib/jvm/java-17-openjdk-amd64/lib/libjimage.so
7f69e8b65000-7f69e8b67000 r--p 00000000 08:06 1446434                    /usr/lib/jvm/java-17-openjdk-amd64/lib/libjli.so
7f69e8b67000-7f69e8b71000 r-xp 00002000 08:06 1446434                    /usr/lib/jvm/java-17-openjdk-amd64/lib/libjli.so
7f69e8b71000-7f69e8b74000 r--p 0000c000 08:06 1446434                    /usr/lib/jvm/java-17-openjdk-amd64/lib/libjli.so
7f69e8b74000-7f69e8b75000 r--p 0000e000 08:06 1446434                    /usr/lib/jvm/java-17-openjdk-amd64/lib/libjli.so
7f69e8b75000-7f69e8b76000 rw-p 0000f000 08:06 1446434                    /usr/lib/jvm/java-17-openjdk-amd64/lib/libjli.so
7f69e8b76000-7f69e8b78000 rw-p 00000000 00:00 0 
7f69e8b78000-7f69e8b7a000 r--p 00000000 08:06 1316734                    /usr/lib/x86_64-linux-gnu/ld-linux-x86-64.so.2
7f69e8b7a000-7f69e8ba4000 r-xp 00002000 08:06 1316734                    /usr/lib/x86_64-linux-gnu/ld-linux-x86-64.so.2
7f69e8ba4000-7f69e8baf000 r--p 0002c000 08:06 1316734                    /usr/lib/x86_64-linux-gnu/ld-linux-x86-64.so.2
7f69e8baf000-7f69e8bb0000 ---p 00000000 00:00 0 
7f69e8bb0000-7f69e8bb2000 r--p 00037000 08:06 1316734                    /usr/lib/x86_64-linux-gnu/ld-linux-x86-64.so.2
7f69e8bb2000-7f69e8bb4000 rw-p 00039000 08:06 1316734                    /usr/lib/x86_64-linux-gnu/ld-linux-x86-64.so.2
7fff719fa000-7fff71a1c000 rw-p 00000000 00:00 0                          [stack]
7fff71bd0000-7fff71bd4000 r--p 00000000 00:00 0                          [vvar]
7fff71bd4000-7fff71bd6000 r-xp 00000000 00:00 0                          [vdso]
ffffffffff600000-ffffffffff601000 --xp 00000000 00:00 0                  [vsyscall]


VM Arguments:
jvm_args: -javaagent:/home/mamad/Desktop/idea-IU-231.8109.175/lib/idea_rt.jar=41285:/home/mamad/Desktop/idea-IU-231.8109.175/bin -Dfile.encoding=UTF-8 
java_command: com.mpj.ModbusRTURegistersExample
java_class_path (initial): /home/mamad/Desktop/jserialcommAndJamod/target/classes:/home/mamad/.m2/repository/com/fazecast/jSerialComm/2.10.3/jSerialComm-2.10.3.jar:/home/mamad/.m2/repository/net/wimpi/jamod/1.2/jamod-1.2.jar:/home/mamad/.m2/repository/org/rxtx/rxtx/2.1.7/rxtx-2.1.7.jar
Launcher Type: SUN_STANDARD

[Global flags]
     intx CICompilerCount                          = 4                                         {product} {ergonomic}
     uint ConcGCThreads                            = 2                                         {product} {ergonomic}
     uint G1ConcRefinementThreads                  = 8                                         {product} {ergonomic}
   size_t G1HeapRegionSize                         = 1048576                                   {product} {ergonomic}
    uintx GCDrainStackTargetSize                   = 64                                        {product} {ergonomic}
   size_t InitialHeapSize                          = 123731968                                 {product} {ergonomic}
   size_t MarkStackSize                            = 4194304                                   {product} {ergonomic}
   size_t MaxHeapSize                              = 1958739968                                {product} {ergonomic}
   size_t MaxNewSize                               = 1174405120                                {product} {ergonomic}
   size_t MinHeapDeltaBytes                        = 1048576                                   {product} {ergonomic}
   size_t MinHeapSize                              = 8388608                                   {product} {ergonomic}
    uintx NonNMethodCodeHeapSize                   = 5839372                                {pd product} {ergonomic}
    uintx NonProfiledCodeHeapSize                  = 122909434                              {pd product} {ergonomic}
    uintx ProfiledCodeHeapSize                     = 122909434                              {pd product} {ergonomic}
    uintx ReservedCodeCacheSize                    = 251658240                              {pd product} {ergonomic}
     bool SegmentedCodeCache                       = true                                      {product} {ergonomic}
   size_t SoftMaxHeapSize                          = 1958739968                             {manageable} {ergonomic}
     bool UseCompressedClassPointers               = true                           {product lp64_product} {ergonomic}
     bool UseCompressedOops                        = true                           {product lp64_product} {ergonomic}
     bool UseG1GC                                  = true                                      {product} {ergonomic}

Logging:
Log output configuration:
 #0: stdout all=warning uptime,level,tags
 #1: stderr all=off uptime,level,tags

Environment Variables:
JAVA_HOME=/usr/lib/jvm/java-17-openjdk-amd64
PATH=/usr/local/sbin:/usr/local/bin:/usr/sbin:/usr/bin:/sbin:/bin:/usr/games:/usr/local/games:/snap/bin:/snap/bin
USERNAME=mamad
SHELL=/bin/bash
DISPLAY=:0
LANG=en_US.UTF-8
LC_NUMERIC=az_IR
LC_TIME=az_IR
TERM=xterm-256color

Active Locale:
LC_ALL=LC_CTYPE=en_US.UTF-8;LC_NUMERIC=az_IR;LC_TIME=az_IR;LC_COLLATE=en_US.UTF-8;LC_MONETARY=az_IR;LC_MESSAGES=en_US.UTF-8;LC_PAPER=az_IR;LC_NAME=az_IR;LC_ADDRESS=az_IR;LC_TELEPHONE=az_IR;LC_MEASUREMENT=az_IR;LC_IDENTIFICATION=az_IR
LC_COLLATE=en_US.UTF-8
LC_CTYPE=en_US.UTF-8
LC_MESSAGES=en_US.UTF-8
LC_MONETARY=az_IR
LC_NUMERIC=az_IR
LC_TIME=az_IR

Signal Handlers:
   SIGSEGV: crash_handler in libjvm.so, mask=11100100010111111101111111111110, flags=SA_RESTART|SA_SIGINFO, unblocked
    SIGBUS: crash_handler in libjvm.so, mask=11100100010111111101111111111110, flags=SA_RESTART|SA_SIGINFO, unblocked
    SIGFPE: crash_handler in libjvm.so, mask=11100100010111111101111111111110, flags=SA_RESTART|SA_SIGINFO, unblocked
   SIGPIPE: javaSignalHandler in libjvm.so, mask=11100100010111111101111111111110, flags=SA_RESTART|SA_SIGINFO, blocked
   SIGXFSZ: javaSignalHandler in libjvm.so, mask=11100100010111111101111111111110, flags=SA_RESTART|SA_SIGINFO, blocked
    SIGILL: crash_handler in libjvm.so, mask=11100100010111111101111111111110, flags=SA_RESTART|SA_SIGINFO, unblocked
   SIGUSR2: SIG_IGN, mask=00000000000000000000000000000000, flags=none, blocked
  *** Handler was modified!
  *** Expected: SR_handler in libjvm.so, mask=00100000000000000000000000000000, flags=SA_RESTART|SA_SIGINFO
    SIGHUP: SIG_IGN, mask=00000000000000000000000000000000, flags=none, blocked
    SIGINT: UserHandler in libjvm.so, mask=11100100010111111101111111111110, flags=SA_RESTART|SA_SIGINFO, blocked
   SIGTERM: UserHandler in libjvm.so, mask=11100100010111111101111111111110, flags=SA_RESTART|SA_SIGINFO, blocked
   SIGQUIT: UserHandler in libjvm.so, mask=11100100010111111101111111111110, flags=SA_RESTART|SA_SIGINFO, blocked
   SIGTRAP: crash_handler in libjvm.so, mask=11100100010111111101111111111110, flags=SA_RESTART|SA_SIGINFO, unblocked


---------------  S Y S T E M  ---------------

OS:
DISTRIB_ID=Ubuntu
DISTRIB_RELEASE=22.04
DISTRIB_CODENAME=jammy
DISTRIB_DESCRIPTION="Ubuntu 22.04.1 LTS"
uname: Linux 5.15.0-43-generic #46-Ubuntu SMP Tue Jul 12 10:30:17 UTC 2022 x86_64
OS uptime: 0 days 5:09 hours
libc: glibc 2.35 NPTL 2.35 
rlimit (soft/hard): STACK 8192k/infinity , CORE 0k/infinity , NPROC 29602/29602 , NOFILE 1048576/1048576 , AS infinity/infinity , CPU infinity/infinity , DATA infinity/infinity , FSIZE infinity/infinity , MEMLOCK 955968k/955968k
load average: 1.07 0.95 0.95

/proc/meminfo:
MemTotal:        7647756 kB
MemFree:          313528 kB
MemAvailable:    1477516 kB
Buffers:           79040 kB
Cached:          2010540 kB
SwapCached:        56512 kB
Active:          2069364 kB
Inactive:        4374484 kB
Active(anon):    1185584 kB
Inactive(anon):  3916936 kB
Active(file):     883780 kB
Inactive(file):   457548 kB
Unevictable:      310308 kB
Mlocked:              32 kB
SwapTotal:       2097148 kB
SwapFree:        1193876 kB
Dirty:             21104 kB
Writeback:            12 kB
AnonPages:       4617252 kB
Mapped:           709168 kB
Shmem:            752052 kB
KReclaimable:      98396 kB
Slab:             274044 kB
SReclaimable:      98396 kB
SUnreclaim:       175648 kB
KernelStack:       22668 kB
PageTables:        64680 kB
NFS_Unstable:          0 kB
Bounce:                0 kB
WritebackTmp:          0 kB
CommitLimit:     5921024 kB
Committed_AS:   16387184 kB
VmallocTotal:   34359738367 kB
VmallocUsed:       64544 kB
VmallocChunk:          0 kB
Percpu:             8864 kB
HardwareCorrupted:     0 kB
AnonHugePages:         0 kB
ShmemHugePages:        0 kB
ShmemPmdMapped:        0 kB
FileHugePages:         0 kB
FilePmdMapped:         0 kB
HugePages_Total:       0
HugePages_Free:        0
HugePages_Rsvd:        0
HugePages_Surp:        0
Hugepagesize:       2048 kB
Hugetlb:               0 kB
DirectMap4k:      404668 kB
DirectMap2M:     6438912 kB
DirectMap1G:     2097152 kB

/sys/kernel/mm/transparent_hugepage/enabled: always [madvise] never
/sys/kernel/mm/transparent_hugepage/defrag (defrag/compaction efforts parameter): always defer defer+madvise [madvise] never

Process Memory:
Virtual Size: 4851768K (peak: 4851768K)
Resident Set Size: 45428K (peak: 45428K) (anon: 16764K, file: 28664K, shmem: 0K)
Swapped out: 0K
C-Heap outstanding allocations: 25489K, retained: 2246K
glibc malloc tunables: (default)

/proc/sys/kernel/threads-max (system-wide limit on the number of threads): 59205
/proc/sys/vm/max_map_count (maximum number of memory map areas a process may have): 65530
/proc/sys/kernel/pid_max (system-wide limit on number of process identifiers): 4194304

container (cgroup) information:
container_type: cgroupv2
cpu_cpuset_cpus: not supported
cpu_memory_nodes: not supported
active_processor_count: 8
cpu_quota: not supported
cpu_period: not supported
cpu_shares: not supported
memory_limit_in_bytes: unlimited
memory_and_swap_limit_in_bytes: unlimited
memory_soft_limit_in_bytes: unlimited
memory_usage_in_bytes: 2807700 k
memory_max_usage_in_bytes: not supported
memory_swap_current_in_bytes: 502240 k
memory_swap_max_limit_in_bytes: unlimited
maximum number of tasks: 8880
current number of tasks: 178

Steal ticks since vm start: 0
Steal ticks percentage since vm start:  0.000

CPU: total 8 (initial active 8) (4 cores per cpu, 2 threads per core) family 6 model 126 stepping 5 microcode 0xb8, cx8, cmov, fxsr, ht, mmx, 3dnowpref, sse, sse2, sse3, ssse3, sse4.1, sse4.2, popcnt, lzcnt, tsc, tscinvbit, avx, avx2, aes, erms, clmul, bmi1, bmi2, adx, avx512f, avx512dq, avx512cd, avx512bw, avx512vl, sha, fma, vzeroupper, avx512_vpopcntdq, avx512_vpclmulqdq, avx512_vaes, avx512_vnni, clflush, clflushopt, avx512_vbmi2, avx512_vbmi
CPU Model and flags from /proc/cpuinfo:
model name	: Intel(R) Core(TM) i5-1035G1 CPU @ 1.00GHz
flags		: fpu vme de pse tsc msr pae mce cx8 apic sep mtrr pge mca cmov pat pse36 clflush dts acpi mmx fxsr sse sse2 ss ht tm pbe syscall nx pdpe1gb rdtscp lm constant_tsc art arch_perfmon pebs bts rep_good nopl xtopology nonstop_tsc cpuid aperfmperf tsc_known_freq pni pclmulqdq dtes64 monitor ds_cpl vmx est tm2 ssse3 sdbg fma cx16 xtpr pdcm pcid sse4_1 sse4_2 x2apic movbe popcnt tsc_deadline_timer aes xsave avx f16c rdrand lahf_lm abm 3dnowprefetch cpuid_fault epb invpcid_single ssbd ibrs ibpb stibp ibrs_enhanced tpr_shadow vnmi flexpriority ept vpid ept_ad fsgsbase tsc_adjust sgx bmi1 avx2 smep bmi2 erms invpcid avx512f avx512dq rdseed adx smap avx512ifma clflushopt intel_pt avx512cd sha_ni avx512bw avx512vl xsaveopt xsavec xgetbv1 xsaves split_lock_detect dtherm ida arat pln pts hwp hwp_notify hwp_act_window hwp_epp hwp_pkg_req avx512vbmi umip pku ospke avx512_vbmi2 gfni vaes vpclmulqdq avx512_vnni avx512_bitalg avx512_vpopcntdq rdpid sgx_lc fsrm md_clear flush_l1d arch_capabilities

Online cpus: 0-7
Offline cpus: 
BIOS frequency limitation: <Not Available>
Frequency switch latency (ns): 0
Available cpu frequencies: <Not Available>
Current governor: powersave
Core performance/turbo boost: <Not Available>

Memory: 4k page, physical 7647756k(313528k free), swap 2097148k(1193876k free)
Page Sizes: 4k

vm_info: OpenJDK 64-Bit Server VM (17.0.7+7-Ubuntu-0ubuntu122.04.2) for linux-amd64 JRE (17.0.7+7-Ubuntu-0ubuntu122.04.2), built on May 10 2023 04:02:16 by "buildd" with gcc 11.3.0

END.
